<?xml version="1.0" encoding="UTF-8"?>
<testsuites name="APM Observability - Step 1 (CRUD + Filters)" tests="14" time="0.000">
  <testsuite name="00 - Create sample A (older time, 500)" id="5119ad0c-0d93-44ad-9512-bc674e7ba3fd" timestamp="2025-12-29T00:28:37.647Z" tests="1" failures="1" errors="2" time="0.000">
    <system-err><![CDATA[Iteration: 0
RequestError: Error: connect ECONNREFUSED 127.0.0.1:18444
    at TCPConnectWrap.afterConnect [as oncomplete] (node:net:1637:16)

---
testScriptError: "undefined" is not valid JSON
---
]]></system-err>
    <testcase name="Status 201" time="0.000" classname="00CreateSampleAOlderTime500">
      <failure type="AssertionFailure" message="expected PostmanResponse{ …(5) } to have property 'code'">
        <![CDATA[Failed 1 times.]]>
        <![CDATA[Collection JSON ID: 0f2c9f3e-2c3a-4c38-bf92-2c4c6b4a5d01.]]>
        <![CDATA[Collection name: APM Observability - Step 1 (CRUD + Filters).]]>
        <![CDATA[Request name: 00 - Create sample A (older time, 500).]]>
        <![CDATA[Test description: Status 201.]]>
        <![CDATA[Error message: expected PostmanResponse{ …(5) } to have property 'code'.]]>
        <![CDATA[Stacktrace: AssertionError: expected PostmanResponse{ …(5) } to have property 'code'
   at Object.eval sandbox-script.js:1:1).]]>
      </failure>
    </testcase>
  </testsuite>
  <testsuite name="01 - Create sample B (newer time, latency 100)" id="ed09fbc5-8e49-41b8-93a0-58f9d5e4f8d6" timestamp="2025-12-29T00:28:37.647Z" tests="1" failures="1" errors="2" time="0.000">
    <system-err><![CDATA[Iteration: 0
RequestError: Error: connect ECONNREFUSED 127.0.0.1:18444
    at TCPConnectWrap.afterConnect [as oncomplete] (node:net:1637:16)

---
testScriptError: "undefined" is not valid JSON
---
]]></system-err>
    <testcase name="Status 201" time="0.000" classname="01CreateSampleBNewerTimeLatency100">
      <failure type="AssertionFailure" message="expected PostmanResponse{ …(5) } to have property 'code'">
        <![CDATA[Failed 1 times.]]>
        <![CDATA[Collection JSON ID: 0f2c9f3e-2c3a-4c38-bf92-2c4c6b4a5d01.]]>
        <![CDATA[Collection name: APM Observability - Step 1 (CRUD + Filters).]]>
        <![CDATA[Request name: 01 - Create sample B (newer time, latency 100).]]>
        <![CDATA[Test description: Status 201.]]>
        <![CDATA[Error message: expected PostmanResponse{ …(5) } to have property 'code'.]]>
        <![CDATA[Stacktrace: AssertionError: expected PostmanResponse{ …(5) } to have property 'code'
   at Object.eval sandbox-script.js:1:2).]]>
      </failure>
    </testcase>
  </testsuite>
  <testsuite name="02 - Create sample C (newer time, latency 200)" id="640068f8-2e84-469a-bed0-494ff7d87e9c" timestamp="2025-12-29T00:28:37.647Z" tests="1" failures="1" errors="2" time="0.000">
    <system-err><![CDATA[Iteration: 0
RequestError: Error: connect ECONNREFUSED 127.0.0.1:18444
    at TCPConnectWrap.afterConnect [as oncomplete] (node:net:1637:16)

---
testScriptError: "undefined" is not valid JSON
---
]]></system-err>
    <testcase name="Status 201" time="0.000" classname="02CreateSampleCNewerTimeLatency200">
      <failure type="AssertionFailure" message="expected PostmanResponse{ …(5) } to have property 'code'">
        <![CDATA[Failed 1 times.]]>
        <![CDATA[Collection JSON ID: 0f2c9f3e-2c3a-4c38-bf92-2c4c6b4a5d01.]]>
        <![CDATA[Collection name: APM Observability - Step 1 (CRUD + Filters).]]>
        <![CDATA[Request name: 02 - Create sample C (newer time, latency 200).]]>
        <![CDATA[Test description: Status 201.]]>
        <![CDATA[Error message: expected PostmanResponse{ …(5) } to have property 'code'.]]>
        <![CDATA[Stacktrace: AssertionError: expected PostmanResponse{ …(5) } to have property 'code'
   at Object.eval sandbox-script.js:1:3).]]>
      </failure>
    </testcase>
  </testsuite>
  <testsuite name="10 - GET list (default ordering -time)" id="c6500049-fd6f-4e23-8737-ed9b8ec7e926" timestamp="2025-12-29T00:28:37.647Z" tests="1" failures="1" errors="2" time="0.000">
    <system-err><![CDATA[Iteration: 0
RequestError: Error: connect ECONNREFUSED 127.0.0.1:18444
    at TCPConnectWrap.afterConnect [as oncomplete] (node:net:1637:16)

---
testScriptError: "undefined" is not valid JSON
---
]]></system-err>
    <testcase name="Status 200" time="0.000" classname="10GetListDefaultOrderingTime">
      <failure type="AssertionFailure" message="expected PostmanResponse{ …(5) } to have property 'code'">
        <![CDATA[Failed 1 times.]]>
        <![CDATA[Collection JSON ID: 0f2c9f3e-2c3a-4c38-bf92-2c4c6b4a5d01.]]>
        <![CDATA[Collection name: APM Observability - Step 1 (CRUD + Filters).]]>
        <![CDATA[Request name: 10 - GET list (default ordering -time).]]>
        <![CDATA[Test description: Status 200.]]>
        <![CDATA[Error message: expected PostmanResponse{ …(5) } to have property 'code'.]]>
        <![CDATA[Stacktrace: AssertionError: expected PostmanResponse{ …(5) } to have property 'code'
   at Object.eval sandbox-script.js:1:4).]]>
      </failure>
    </testcase>
  </testsuite>
  <testsuite name="11 - Filter: service=auth" id="7e901754-37ec-4f83-a953-e6e8b9d6b21c" timestamp="2025-12-29T00:28:37.647Z" tests="1" failures="1" errors="2" time="0.000">
    <system-err><![CDATA[Iteration: 0
RequestError: Error: connect ECONNREFUSED 127.0.0.1:18444
    at TCPConnectWrap.afterConnect [as oncomplete] (node:net:1637:16)

---
testScriptError: "undefined" is not valid JSON
---
]]></system-err>
    <testcase name="Status 200" time="0.000" classname="11FilterServiceAuth">
      <failure type="AssertionFailure" message="expected PostmanResponse{ …(5) } to have property 'code'">
        <![CDATA[Failed 1 times.]]>
        <![CDATA[Collection JSON ID: 0f2c9f3e-2c3a-4c38-bf92-2c4c6b4a5d01.]]>
        <![CDATA[Collection name: APM Observability - Step 1 (CRUD + Filters).]]>
        <![CDATA[Request name: 11 - Filter: service=auth.]]>
        <![CDATA[Test description: Status 200.]]>
        <![CDATA[Error message: expected PostmanResponse{ …(5) } to have property 'code'.]]>
        <![CDATA[Stacktrace: AssertionError: expected PostmanResponse{ …(5) } to have property 'code'
   at Object.eval sandbox-script.js:1:5).]]>
      </failure>
    </testcase>
  </testsuite>
  <testsuite name="12 - Filter: status_code=500" id="92bb2108-304a-4a1b-b03d-406c76addca7" timestamp="2025-12-29T00:28:37.647Z" tests="1" failures="1" errors="2" time="0.000">
    <system-err><![CDATA[Iteration: 0
RequestError: Error: connect ECONNREFUSED 127.0.0.1:18444
    at TCPConnectWrap.afterConnect [as oncomplete] (node:net:1637:16)

---
testScriptError: "undefined" is not valid JSON
---
]]></system-err>
    <testcase name="Status 200" time="0.000" classname="12FilterStatusCode500">
      <failure type="AssertionFailure" message="expected PostmanResponse{ …(5) } to have property 'code'">
        <![CDATA[Failed 1 times.]]>
        <![CDATA[Collection JSON ID: 0f2c9f3e-2c3a-4c38-bf92-2c4c6b4a5d01.]]>
        <![CDATA[Collection name: APM Observability - Step 1 (CRUD + Filters).]]>
        <![CDATA[Request name: 12 - Filter: status_code=500.]]>
        <![CDATA[Test description: Status 200.]]>
        <![CDATA[Error message: expected PostmanResponse{ …(5) } to have property 'code'.]]>
        <![CDATA[Stacktrace: AssertionError: expected PostmanResponse{ …(5) } to have property 'code'
   at Object.eval sandbox-script.js:1:6).]]>
      </failure>
    </testcase>
  </testsuite>
  <testsuite name="13 - Filter: latency 120..220" id="9455dd35-8d6a-4ec7-81d5-71c18a46459b" timestamp="2025-12-29T00:28:37.647Z" tests="1" failures="1" errors="2" time="0.000">
    <system-err><![CDATA[Iteration: 0
RequestError: Error: connect ECONNREFUSED 127.0.0.1:18444
    at TCPConnectWrap.afterConnect [as oncomplete] (node:net:1637:16)

---
testScriptError: "undefined" is not valid JSON
---
]]></system-err>
    <testcase name="Status 200" time="0.000" classname="13FilterLatency120220">
      <failure type="AssertionFailure" message="expected PostmanResponse{ …(5) } to have property 'code'">
        <![CDATA[Failed 1 times.]]>
        <![CDATA[Collection JSON ID: 0f2c9f3e-2c3a-4c38-bf92-2c4c6b4a5d01.]]>
        <![CDATA[Collection name: APM Observability - Step 1 (CRUD + Filters).]]>
        <![CDATA[Request name: 13 - Filter: latency 120..220.]]>
        <![CDATA[Test description: Status 200.]]>
        <![CDATA[Error message: expected PostmanResponse{ …(5) } to have property 'code'.]]>
        <![CDATA[Stacktrace: AssertionError: expected PostmanResponse{ …(5) } to have property 'code'
   at Object.eval sandbox-script.js:1:7).]]>
      </failure>
    </testcase>
  </testsuite>
  <testsuite name="14 - Filter: time range 01:11..01:13" id="e38b92e2-3101-46ed-99b2-038e7f86f0a2" timestamp="2025-12-29T00:28:37.647Z" tests="1" failures="1" errors="2" time="0.000">
    <system-err><![CDATA[Iteration: 0
RequestError: Error: connect ECONNREFUSED 127.0.0.1:18444
    at TCPConnectWrap.afterConnect [as oncomplete] (node:net:1637:16)

---
testScriptError: "undefined" is not valid JSON
---
]]></system-err>
    <testcase name="Status 200" time="0.000" classname="14FilterTimeRange01110113">
      <failure type="AssertionFailure" message="expected PostmanResponse{ …(5) } to have property 'code'">
        <![CDATA[Failed 1 times.]]>
        <![CDATA[Collection JSON ID: 0f2c9f3e-2c3a-4c38-bf92-2c4c6b4a5d01.]]>
        <![CDATA[Collection name: APM Observability - Step 1 (CRUD + Filters).]]>
        <![CDATA[Request name: 14 - Filter: time range 01:11..01:13.]]>
        <![CDATA[Test description: Status 200.]]>
        <![CDATA[Error message: expected PostmanResponse{ …(5) } to have property 'code'.]]>
        <![CDATA[Stacktrace: AssertionError: expected PostmanResponse{ …(5) } to have property 'code'
   at Object.eval sandbox-script.js:1:8).]]>
      </failure>
    </testcase>
  </testsuite>
  <testsuite name="15 - Ordering: -time,latency_ms" id="fafb9657-1be2-4cc2-97e3-b91f7cc4aabe" timestamp="2025-12-29T00:28:37.647Z" tests="1" failures="1" errors="2" time="0.000">
    <system-err><![CDATA[Iteration: 0
RequestError: Error: connect ECONNREFUSED 127.0.0.1:18444
    at TCPConnectWrap.afterConnect [as oncomplete] (node:net:1637:16)

---
testScriptError: "undefined" is not valid JSON
---
]]></system-err>
    <testcase name="Status 200" time="0.000" classname="15OrderingTimeLatencyMs">
      <failure type="AssertionFailure" message="expected PostmanResponse{ …(5) } to have property 'code'">
        <![CDATA[Failed 1 times.]]>
        <![CDATA[Collection JSON ID: 0f2c9f3e-2c3a-4c38-bf92-2c4c6b4a5d01.]]>
        <![CDATA[Collection name: APM Observability - Step 1 (CRUD + Filters).]]>
        <![CDATA[Request name: 15 - Ordering: -time,latency_ms.]]>
        <![CDATA[Test description: Status 200.]]>
        <![CDATA[Error message: expected PostmanResponse{ …(5) } to have property 'code'.]]>
        <![CDATA[Stacktrace: AssertionError: expected PostmanResponse{ …(5) } to have property 'code'
   at Object.eval sandbox-script.js:1:9).]]>
      </failure>
    </testcase>
  </testsuite>
  <testsuite name="20 - GET detail (id_b)" id="f608e110-738f-46ae-9f30-c3a525af53de" timestamp="2025-12-29T00:28:37.647Z" tests="1" failures="1" errors="1" time="0.000">
    <system-err><![CDATA[Iteration: 0
RequestError: Error: connect ECONNREFUSED 127.0.0.1:18444
    at TCPConnectWrap.afterConnect [as oncomplete] (node:net:1637:16)

---
]]></system-err>
    <testcase name="Status 200" time="0.000" classname="20GetDetailIdB">
      <failure type="AssertionFailure" message="expected PostmanResponse{ …(5) } to have property 'code'">
        <![CDATA[Failed 1 times.]]>
        <![CDATA[Collection JSON ID: 0f2c9f3e-2c3a-4c38-bf92-2c4c6b4a5d01.]]>
        <![CDATA[Collection name: APM Observability - Step 1 (CRUD + Filters).]]>
        <![CDATA[Request name: 20 - GET detail (id_b).]]>
        <![CDATA[Test description: Status 200.]]>
        <![CDATA[Error message: expected PostmanResponse{ …(5) } to have property 'code'.]]>
        <![CDATA[Stacktrace: AssertionError: expected PostmanResponse{ …(5) } to have property 'code'
   at Object.eval sandbox-script.js:1:10).]]>
      </failure>
    </testcase>
  </testsuite>
  <testsuite name="21 - PATCH update (id_b -> latency_ms=111)" id="2e02ab1e-1593-40ad-b84b-0531ac6a5713" timestamp="2025-12-29T00:28:37.647Z" tests="1" failures="1" errors="2" time="0.000">
    <system-err><![CDATA[Iteration: 0
RequestError: Error: connect ECONNREFUSED 127.0.0.1:18444
    at TCPConnectWrap.afterConnect [as oncomplete] (node:net:1637:16)

---
testScriptError: "undefined" is not valid JSON
---
]]></system-err>
    <testcase name="Status 200" time="0.000" classname="21PatchUpdateIdBLatencyMs111">
      <failure type="AssertionFailure" message="expected PostmanResponse{ …(5) } to have property 'code'">
        <![CDATA[Failed 1 times.]]>
        <![CDATA[Collection JSON ID: 0f2c9f3e-2c3a-4c38-bf92-2c4c6b4a5d01.]]>
        <![CDATA[Collection name: APM Observability - Step 1 (CRUD + Filters).]]>
        <![CDATA[Request name: 21 - PATCH update (id_b -> latency_ms=111).]]>
        <![CDATA[Test description: Status 200.]]>
        <![CDATA[Error message: expected PostmanResponse{ …(5) } to have property 'code'.]]>
        <![CDATA[Stacktrace: AssertionError: expected PostmanResponse{ …(5) } to have property 'code'
   at Object.eval sandbox-script.js:1:11).]]>
      </failure>
    </testcase>
  </testsuite>
  <testsuite name="90 - DELETE sample A" id="52cfc3c2-df5b-4d5f-915a-565137927242" timestamp="2025-12-29T00:28:37.647Z" tests="1" failures="1" errors="1" time="0.000">
    <system-err><![CDATA[Iteration: 0
RequestError: Error: connect ECONNREFUSED 127.0.0.1:18444
    at TCPConnectWrap.afterConnect [as oncomplete] (node:net:1637:16)

---
]]></system-err>
    <testcase name="Status 204" time="0.000" classname="90DeleteSampleA">
      <failure type="AssertionFailure" message="expected PostmanResponse{ …(5) } to have property 'code'">
        <![CDATA[Failed 1 times.]]>
        <![CDATA[Collection JSON ID: 0f2c9f3e-2c3a-4c38-bf92-2c4c6b4a5d01.]]>
        <![CDATA[Collection name: APM Observability - Step 1 (CRUD + Filters).]]>
        <![CDATA[Request name: 90 - DELETE sample A.]]>
        <![CDATA[Test description: Status 204.]]>
        <![CDATA[Error message: expected PostmanResponse{ …(5) } to have property 'code'.]]>
        <![CDATA[Stacktrace: AssertionError: expected PostmanResponse{ …(5) } to have property 'code'
   at Object.eval sandbox-script.js:1:12).]]>
      </failure>
    </testcase>
  </testsuite>
  <testsuite name="91 - DELETE sample B" id="23b61e03-0386-4f7f-947f-916630433ed2" timestamp="2025-12-29T00:28:37.647Z" tests="1" failures="1" errors="1" time="0.000">
    <system-err><![CDATA[Iteration: 0
RequestError: Error: connect ECONNREFUSED 127.0.0.1:18444
    at TCPConnectWrap.afterConnect [as oncomplete] (node:net:1637:16)

---
]]></system-err>
    <testcase name="Status 204" time="0.000" classname="91DeleteSampleB">
      <failure type="AssertionFailure" message="expected PostmanResponse{ …(5) } to have property 'code'">
        <![CDATA[Failed 1 times.]]>
        <![CDATA[Collection JSON ID: 0f2c9f3e-2c3a-4c38-bf92-2c4c6b4a5d01.]]>
        <![CDATA[Collection name: APM Observability - Step 1 (CRUD + Filters).]]>
        <![CDATA[Request name: 91 - DELETE sample B.]]>
        <![CDATA[Test description: Status 204.]]>
        <![CDATA[Error message: expected PostmanResponse{ …(5) } to have property 'code'.]]>
        <![CDATA[Stacktrace: AssertionError: expected PostmanResponse{ …(5) } to have property 'code'
   at Object.eval sandbox-script.js:1:13).]]>
      </failure>
    </testcase>
  </testsuite>
  <testsuite name="92 - DELETE sample C" id="8427e76e-a7f1-4b58-8b7d-e7e4bcb70430" timestamp="2025-12-29T00:28:37.647Z" tests="1" failures="1" errors="1" time="0.000">
    <system-err><![CDATA[Iteration: 0
RequestError: Error: connect ECONNREFUSED 127.0.0.1:18444
    at TCPConnectWrap.afterConnect [as oncomplete] (node:net:1637:16)

---
]]></system-err>
    <testcase name="Status 204" time="0.000" classname="92DeleteSampleC">
      <failure type="AssertionFailure" message="expected PostmanResponse{ …(5) } to have property 'code'">
        <![CDATA[Failed 1 times.]]>
        <![CDATA[Collection JSON ID: 0f2c9f3e-2c3a-4c38-bf92-2c4c6b4a5d01.]]>
        <![CDATA[Collection name: APM Observability - Step 1 (CRUD + Filters).]]>
        <![CDATA[Request name: 92 - DELETE sample C.]]>
        <![CDATA[Test description: Status 204.]]>
        <![CDATA[Error message: expected PostmanResponse{ …(5) } to have property 'code'.]]>
        <![CDATA[Stacktrace: AssertionError: expected PostmanResponse{ …(5) } to have property 'code'
   at Object.eval sandbox-script.js:1:14).]]>
      </failure>
    </testcase>
  </testsuite>
</testsuites>