<?xml version="1.0" encoding="UTF-8"?>
<testsuite name="observability.tests.test_kpis.KpisEndpointTests-20251229011827" tests="2" file="observability/tests/test_kpis.py" time="0.411" timestamp="2025-12-29T01:18:32" failures="0" errors="0" skipped="0">
	<testcase classname="observability.tests.test_kpis.KpisEndpointTests" name="test_kpis_bad_date_param_returns_400" time="0.185" timestamp="2025-12-29T01:18:31" file="observability/tests/test_kpis.py" line="109"/>
	<testcase classname="observability.tests.test_kpis.KpisEndpointTests" name="test_kpis_shape_and_plausible_values" time="0.226" timestamp="2025-12-29T01:18:32" file="observability/tests/test_kpis.py" line="69"/>
</testsuite>
