<?xml version="1.0" encoding="UTF-8"?>
<testsuite name="observability.tests.test_filters.ApiRequestFilterTests-20251229011827" tests="8" file="observability/tests/test_filters.py" time="1.347" timestamp="2025-12-29T01:18:30" failures="0" errors="0" skipped="0">
	<testcase classname="observability.tests.test_filters.ApiRequestFilterTests" name="test_filter_endpoint" time="0.139" timestamp="2025-12-29T01:18:29" file="observability/tests/test_filters.py" line="174"/>
	<testcase classname="observability.tests.test_filters.ApiRequestFilterTests" name="test_filter_method" time="0.357" timestamp="2025-12-29T01:18:29" file="observability/tests/test_filters.py" line="182"/>
	<testcase classname="observability.tests.test_filters.ApiRequestFilterTests" name="test_filter_service" time="0.286" timestamp="2025-12-29T01:18:30" file="observability/tests/test_filters.py" line="166"/>
	<testcase classname="observability.tests.test_filters.ApiRequestFilterTests" name="test_filter_status_code" time="0.176" timestamp="2025-12-29T01:18:30" file="observability/tests/test_filters.py" line="190"/>
	<testcase classname="observability.tests.test_filters.ApiRequestFilterTests" name="test_filter_time_range" time="0.101" timestamp="2025-12-29T01:18:30" file="observability/tests/test_filters.py" line="201"/>
	<testcase classname="observability.tests.test_filters.ApiRequestFilterTests" name="test_ordering_time_asc" time="0.097" timestamp="2025-12-29T01:18:30" file="observability/tests/test_filters.py" line="225"/>
	<testcase classname="observability.tests.test_filters.ApiRequestFilterTests" name="test_ordering_time_desc" time="0.091" timestamp="2025-12-29T01:18:30" file="observability/tests/test_filters.py" line="236"/>
	<testcase classname="observability.tests.test_filters.ApiRequestFilterTests" name="test_search_login_if_present" time="0.100" timestamp="2025-12-29T01:18:30" file="observability/tests/test_filters.py" line="247">
		<!--
If SearchFilter is enabled AND search_fields are configured on the ViewSet,
search=login should return only /login endpoints (r4, r5).

If search is not configured (returns unfiltered full dataset), we skip.
-->
	</testcase>
</testsuite>
