<?xml version="1.0" encoding="UTF-8"?>
<testsuite name="observability.tests.test_legacy.ApiRequestIngestionTests-20251224182845" tests="8" file="observability/tests/test_legacy.py" time="0.020" timestamp="2025-12-24T18:28:46" failures="0" errors="8" skipped="0">
	<testcase classname="observability.tests.test_legacy.ApiRequestIngestionTests" name="test_max_errors_caps_error_details_but_counts_all_rejected" time="0.004" timestamp="2025-12-24T18:28:46" file="observability/tests/test_legacy.py" line="86">
		<error type="AttributeError" message="'HttpResponsePermanentRedirect' object has no attribute 'data'"><![CDATA[Traceback (most recent call last):
  File "/Users/nawfalrazouk/apm-observability/observability/tests/test_legacy.py", line 94, in test_max_errors_caps_error_details_but_counts_all_rejected
    self.assertEqual(res.status_code, status.HTTP_200_OK, res.data)
                                                          ^^^^^^^^
AttributeError: 'HttpResponsePermanentRedirect' object has no attribute 'data'
]]></error>
	</testcase>
	<testcase classname="observability.tests.test_legacy.ApiRequestIngestionTests" name="test_mixed_valid_invalid_partial_insert" time="0.002" timestamp="2025-12-24T18:28:46" file="observability/tests/test_legacy.py" line="32">
		<error type="AttributeError" message="'HttpResponsePermanentRedirect' object has no attribute 'data'"><![CDATA[Traceback (most recent call last):
  File "/Users/nawfalrazouk/apm-observability/observability/tests/test_legacy.py", line 39, in test_mixed_valid_invalid_partial_insert
    self.assertEqual(res.status_code, status.HTTP_200_OK, res.data)
                                                          ^^^^^^^^
AttributeError: 'HttpResponsePermanentRedirect' object has no attribute 'data'
]]></error>
	</testcase>
	<testcase classname="observability.tests.test_legacy.ApiRequestIngestionTests" name="test_non_list_payload_returns_400" time="0.002" timestamp="2025-12-24T18:28:46" file="observability/tests/test_legacy.py" line="65">
		<error type="AttributeError" message="'HttpResponsePermanentRedirect' object has no attribute 'data'"><![CDATA[Traceback (most recent call last):
  File "/Users/nawfalrazouk/apm-observability/observability/tests/test_legacy.py", line 70, in test_non_list_payload_returns_400
    self.assertEqual(res.status_code, status.HTTP_400_BAD_REQUEST, res.data)
                                                                   ^^^^^^^^
AttributeError: 'HttpResponsePermanentRedirect' object has no attribute 'data'
]]></error>
	</testcase>
	<testcase classname="observability.tests.test_legacy.ApiRequestIngestionTests" name="test_raw_list_success_all_valid" time="0.002" timestamp="2025-12-24T18:28:46" file="observability/tests/test_legacy.py" line="19">
		<error type="AttributeError" message="'HttpResponsePermanentRedirect' object has no attribute 'data'"><![CDATA[Traceback (most recent call last):
  File "/Users/nawfalrazouk/apm-observability/observability/tests/test_legacy.py", line 26, in test_raw_list_success_all_valid
    self.assertEqual(res.status_code, status.HTTP_200_OK, res.data)
                                                          ^^^^^^^^
AttributeError: 'HttpResponsePermanentRedirect' object has no attribute 'data'
]]></error>
	</testcase>
	<testcase classname="observability.tests.test_legacy.ApiRequestIngestionTests" name="test_strict_mode_rejects_all_if_any_invalid" time="0.003" timestamp="2025-12-24T18:28:46" file="observability/tests/test_legacy.py" line="106">
		<error type="AttributeError" message="'HttpResponsePermanentRedirect' object has no attribute 'data'"><![CDATA[Traceback (most recent call last):
  File "/Users/nawfalrazouk/apm-observability/observability/tests/test_legacy.py", line 114, in test_strict_mode_rejects_all_if_any_invalid
    self.assertEqual(res.status_code, status.HTTP_400_BAD_REQUEST, res.data)
                                                                   ^^^^^^^^
AttributeError: 'HttpResponsePermanentRedirect' object has no attribute 'data'
]]></error>
	</testcase>
	<testcase classname="observability.tests.test_legacy.ApiRequestIngestionTests" name="test_strict_mode_rejects_all_if_any_item_not_dict" time="0.002" timestamp="2025-12-24T18:28:46" file="observability/tests/test_legacy.py" line="123">
		<error type="AttributeError" message="'HttpResponsePermanentRedirect' object has no attribute 'data'"><![CDATA[Traceback (most recent call last):
  File "/Users/nawfalrazouk/apm-observability/observability/tests/test_legacy.py", line 130, in test_strict_mode_rejects_all_if_any_item_not_dict
    self.assertEqual(res.status_code, status.HTTP_400_BAD_REQUEST, res.data)
                                                                   ^^^^^^^^
AttributeError: 'HttpResponsePermanentRedirect' object has no attribute 'data'
]]></error>
	</testcase>
	<testcase classname="observability.tests.test_legacy.ApiRequestIngestionTests" name="test_too_many_events_returns_400" time="0.003" timestamp="2025-12-24T18:28:46" file="observability/tests/test_legacy.py" line="73">
		<error type="AttributeError" message="'HttpResponsePermanentRedirect' object has no attribute 'data'"><![CDATA[Traceback (most recent call last):
  File "/Users/nawfalrazouk/apm-observability/observability/tests/test_legacy.py", line 78, in test_too_many_events_returns_400
    self.assertEqual(res.status_code, status.HTTP_400_BAD_REQUEST, res.data)
                                                                   ^^^^^^^^
AttributeError: 'HttpResponsePermanentRedirect' object has no attribute 'data'
]]></error>
	</testcase>
	<testcase classname="observability.tests.test_legacy.ApiRequestIngestionTests" name="test_wrapper_events_payload_works" time="0.002" timestamp="2025-12-24T18:28:46" file="observability/tests/test_legacy.py" line="51">
		<error type="AttributeError" message="'HttpResponsePermanentRedirect' object has no attribute 'data'"><![CDATA[Traceback (most recent call last):
  File "/Users/nawfalrazouk/apm-observability/observability/tests/test_legacy.py", line 60, in test_wrapper_events_payload_works
    self.assertEqual(res.status_code, status.HTTP_200_OK, res.data)
                                                          ^^^^^^^^
AttributeError: 'HttpResponsePermanentRedirect' object has no attribute 'data'
]]></error>
	</testcase>
</testsuite>
