<?xml version="1.0" encoding="UTF-8"?>
<testsuites name="APM Observability — Step 4 (Daily)" tests="2" time="1.228">
  <testsuite name="Daily — last 7 days" id="5199a045-5242-4d7a-aaad-8fbfe2ba74c6" timestamp="2025-12-29T00:34:43.574Z" tests="4" failures="0" errors="0" time="0.740">
    <testcase name="Status code is 200" time="0.740" classname="DailyLast7Days"/>
    <testcase name="Response is an array" time="0.740" classname="DailyLast7Days"/>
    <testcase name="If array has items, keys exist" time="0.740" classname="DailyLast7Days"/>
    <testcase name="Types look correct when present" time="0.740" classname="DailyLast7Days"/>
  </testsuite>
  <testsuite name="Daily — filtered by service/endpoint" id="5d1dd6ff-e5f0-4ecc-a2f3-f233139eccbd" timestamp="2025-12-29T00:34:43.574Z" tests="3" failures="0" errors="0" time="0.488">
    <testcase name="Status code is 200" time="0.488" classname="DailyFilteredByServiceEndpoint"/>
    <testcase name="Response is an array" time="0.488" classname="DailyFilteredByServiceEndpoint"/>
    <testcase name="If array has items, it matches filter" time="0.488" classname="DailyFilteredByServiceEndpoint"/>
  </testsuite>
</testsuites>