<?xml version="1.0" encoding="UTF-8"?>
<testsuite name="observability.tests.test_ingest_valid.BulkIngestValidTests-20251224190745" tests="2" file="observability/tests/test_ingest_valid.py" time="0.515" timestamp="2025-12-24T19:07:50" failures="0" errors="0" skipped="0">
	<testcase classname="observability.tests.test_ingest_valid.BulkIngestValidTests" name="test_bulk_ingest_valid_list_inserts_all" time="0.283" timestamp="2025-12-24T19:07:49" file="observability/tests/test_ingest_valid.py" line="14"/>
	<testcase classname="observability.tests.test_ingest_valid.BulkIngestValidTests" name="test_bulk_ingest_valid_wrapper_shape_inserts_all" time="0.233" timestamp="2025-12-24T19:07:50" file="observability/tests/test_ingest_valid.py" line="28"/>
</testsuite>
