<?xml version="1.0" encoding="UTF-8"?>
<testsuite name="observability.tests.test_ingest_mixed_non_strict.BulkIngestMixedNonStrictTests-20251224190745" tests="2" file="observability/tests/test_ingest_mixed_non_strict.py" time="0.176" timestamp="2025-12-24T19:07:49" failures="0" errors="0" skipped="0">
	<testcase classname="observability.tests.test_ingest_mixed_non_strict.BulkIngestMixedNonStrictTests" name="test_mixed_payload_inserts_valid_rejects_invalid_returns_200" time="0.103" timestamp="2025-12-24T19:07:49" file="observability/tests/test_ingest_mixed_non_strict.py" line="14"/>
	<testcase classname="observability.tests.test_ingest_mixed_non_strict.BulkIngestMixedNonStrictTests" name="test_mixed_payload_respects_max_errors_cap" time="0.073" timestamp="2025-12-24T19:07:49" file="observability/tests/test_ingest_mixed_non_strict.py" line="45"/>
</testsuite>
