<?xml version="1.0" encoding="UTF-8"?>
<testsuite name="observability.tests.test_legacy.ApiRequestIngestionTests-20251224190745" tests="8" file="observability/tests/test_legacy.py" time="0.716" timestamp="2025-12-24T19:07:51" failures="0" errors="0" skipped="0">
	<testcase classname="observability.tests.test_legacy.ApiRequestIngestionTests" name="test_max_errors_caps_error_details_but_counts_all_rejected" time="0.223" timestamp="2025-12-24T19:07:50" file="observability/tests/test_legacy.py" line="86"/>
	<testcase classname="observability.tests.test_legacy.ApiRequestIngestionTests" name="test_mixed_valid_invalid_partial_insert" time="0.235" timestamp="2025-12-24T19:07:51" file="observability/tests/test_legacy.py" line="32"/>
	<testcase classname="observability.tests.test_legacy.ApiRequestIngestionTests" name="test_non_list_payload_returns_400" time="0.002" timestamp="2025-12-24T19:07:51" file="observability/tests/test_legacy.py" line="65"/>
	<testcase classname="observability.tests.test_legacy.ApiRequestIngestionTests" name="test_raw_list_success_all_valid" time="0.089" timestamp="2025-12-24T19:07:51" file="observability/tests/test_legacy.py" line="19"/>
	<testcase classname="observability.tests.test_legacy.ApiRequestIngestionTests" name="test_strict_mode_rejects_all_if_any_invalid" time="0.006" timestamp="2025-12-24T19:07:51" file="observability/tests/test_legacy.py" line="106"/>
	<testcase classname="observability.tests.test_legacy.ApiRequestIngestionTests" name="test_strict_mode_rejects_all_if_any_item_not_dict" time="0.005" timestamp="2025-12-24T19:07:51" file="observability/tests/test_legacy.py" line="123"/>
	<testcase classname="observability.tests.test_legacy.ApiRequestIngestionTests" name="test_too_many_events_returns_400" time="0.005" timestamp="2025-12-24T19:07:51" file="observability/tests/test_legacy.py" line="73"/>
	<testcase classname="observability.tests.test_legacy.ApiRequestIngestionTests" name="test_wrapper_events_payload_works" time="0.151" timestamp="2025-12-24T19:07:51" file="observability/tests/test_legacy.py" line="51"/>
</testsuite>
