<?xml version="1.0" encoding="UTF-8"?>
<testsuite name="observability.tests.test_daily.DailyEndpointTests-20251224190745" tests="1" file="observability/tests/test_daily.py" time="0.535" timestamp="2025-12-24T19:07:47" failures="0" errors="0" skipped="0">
	<testcase classname="observability.tests.test_daily.DailyEndpointTests" name="test_daily_endpoint_returns_daily_buckets_and_totals" time="0.535" timestamp="2025-12-24T19:07:47" file="observability/tests/test_daily.py" line="164"/>
</testsuite>
