<?xml version="1.0" encoding="UTF-8"?>
<testsuite name="observability.tests.test_filters.ApiRequestFilterTests-20251224190745" tests="8" file="observability/tests/test_filters.py" time="1.397" timestamp="2025-12-24T19:07:48" failures="0" errors="0" skipped="0">
	<testcase classname="observability.tests.test_filters.ApiRequestFilterTests" name="test_filter_endpoint" time="0.083" timestamp="2025-12-24T19:07:47" file="observability/tests/test_filters.py" line="174"/>
	<testcase classname="observability.tests.test_filters.ApiRequestFilterTests" name="test_filter_method" time="0.071" timestamp="2025-12-24T19:07:47" file="observability/tests/test_filters.py" line="182"/>
	<testcase classname="observability.tests.test_filters.ApiRequestFilterTests" name="test_filter_service" time="0.194" timestamp="2025-12-24T19:07:47" file="observability/tests/test_filters.py" line="166"/>
	<testcase classname="observability.tests.test_filters.ApiRequestFilterTests" name="test_filter_status_code" time="0.105" timestamp="2025-12-24T19:07:47" file="observability/tests/test_filters.py" line="190"/>
	<testcase classname="observability.tests.test_filters.ApiRequestFilterTests" name="test_filter_time_range" time="0.074" timestamp="2025-12-24T19:07:47" file="observability/tests/test_filters.py" line="201"/>
	<testcase classname="observability.tests.test_filters.ApiRequestFilterTests" name="test_ordering_time_asc" time="0.369" timestamp="2025-12-24T19:07:48" file="observability/tests/test_filters.py" line="225"/>
	<testcase classname="observability.tests.test_filters.ApiRequestFilterTests" name="test_ordering_time_desc" time="0.309" timestamp="2025-12-24T19:07:48" file="observability/tests/test_filters.py" line="236"/>
	<testcase classname="observability.tests.test_filters.ApiRequestFilterTests" name="test_search_login_if_present" time="0.192" timestamp="2025-12-24T19:07:48" file="observability/tests/test_filters.py" line="247">
		<!--
If SearchFilter is enabled AND search_fields are configured on the ViewSet,
search=login should return only /login endpoints (r4, r5).

If search is not configured (returns unfiltered full dataset), we skip.
-->
	</testcase>
</testsuite>
