<?xml version="1.0" encoding="UTF-8"?>
<testsuites name="APM Observability - Step 1 (CRUD + Filters)" tests="14" time="1.540">
  <testsuite name="00 - Create sample A (older time, 500)" id="75aaf83c-929d-459e-8c85-2bd91e86a6f8" timestamp="2025-12-29T01:54:20.265Z" tests="1" failures="0" errors="0" time="1.011">
    <testcase name="Status 201" time="1.011" classname="00CreateSampleAOlderTime500"/>
  </testsuite>
  <testsuite name="01 - Create sample B (newer time, latency 100)" id="b8361df9-b2c6-4aa5-9453-711d328f4f24" timestamp="2025-12-29T01:54:20.265Z" tests="1" failures="0" errors="0" time="0.105">
    <testcase name="Status 201" time="0.105" classname="01CreateSampleBNewerTimeLatency100"/>
  </testsuite>
  <testsuite name="02 - Create sample C (newer time, latency 200)" id="7de2ba28-a644-4097-8dbc-36d4fcf5bc5d" timestamp="2025-12-29T01:54:20.265Z" tests="1" failures="0" errors="0" time="0.031">
    <testcase name="Status 201" time="0.031" classname="02CreateSampleCNewerTimeLatency200"/>
  </testsuite>
  <testsuite name="10 - GET list (default ordering -time)" id="a83df6e2-828d-4cfe-b1f9-a4bb709d301b" timestamp="2025-12-29T01:54:20.265Z" tests="3" failures="0" errors="0" time="0.037">
    <testcase name="Status 200" time="0.037" classname="10GetListDefaultOrderingTime"/>
    <testcase name="Has array" time="0.037" classname="10GetListDefaultOrderingTime"/>
    <testcase name="Ordered by -time (non-increasing)" time="0.037" classname="10GetListDefaultOrderingTime"/>
  </testsuite>
  <testsuite name="11 - Filter: service=auth" id="1262b326-0047-4713-bd7e-20a21c44f8f5" timestamp="2025-12-29T01:54:20.265Z" tests="1" failures="1" errors="1" time="0.074">
    <system-err><![CDATA[Iteration: 0

---
testScriptError: Unexpected token '<' at 2:1
<!doctype html>
^
---
]]></system-err>
    <testcase name="Status 200" time="0.074" classname="11FilterServiceAuth">
      <failure type="AssertionFailure" message="expected response to have status code 200 but got 500">
        <![CDATA[Failed 1 times.]]>
        <![CDATA[Collection JSON ID: 0f2c9f3e-2c3a-4c38-bf92-2c4c6b4a5d01.]]>
        <![CDATA[Collection name: APM Observability - Step 1 (CRUD + Filters).]]>
        <![CDATA[Request name: 11 - Filter: service=auth.]]>
        <![CDATA[Test description: Status 200.]]>
        <![CDATA[Error message: expected response to have status code 200 but got 500.]]>
        <![CDATA[Stacktrace: AssertionError: expected response to have status code 200 but got 500
   at Object.eval sandbox-script.js:1:5).]]>
      </failure>
    </testcase>
  </testsuite>
  <testsuite name="12 - Filter: status_code=500" id="2b0270cc-343b-46ca-8341-37252d8cdd55" timestamp="2025-12-29T01:54:20.265Z" tests="2" failures="0" errors="0" time="0.023">
    <testcase name="Status 200" time="0.023" classname="12FilterStatusCode500"/>
    <testcase name="All status_code=500" time="0.023" classname="12FilterStatusCode500"/>
  </testsuite>
  <testsuite name="13 - Filter: latency 120..220" id="cbbcf180-241f-401d-b6c4-2da8b0afb6cc" timestamp="2025-12-29T01:54:20.265Z" tests="1" failures="1" errors="1" time="0.021">
    <system-err><![CDATA[Iteration: 0

---
testScriptError: Unexpected token '<' at 2:1
<!doctype html>
^
---
]]></system-err>
    <testcase name="Status 200" time="0.021" classname="13FilterLatency120220">
      <failure type="AssertionFailure" message="expected response to have status code 200 but got 500">
        <![CDATA[Failed 1 times.]]>
        <![CDATA[Collection JSON ID: 0f2c9f3e-2c3a-4c38-bf92-2c4c6b4a5d01.]]>
        <![CDATA[Collection name: APM Observability - Step 1 (CRUD + Filters).]]>
        <![CDATA[Request name: 13 - Filter: latency 120..220.]]>
        <![CDATA[Test description: Status 200.]]>
        <![CDATA[Error message: expected response to have status code 200 but got 500.]]>
        <![CDATA[Stacktrace: AssertionError: expected response to have status code 200 but got 500
   at Object.eval sandbox-script.js:1:7).]]>
      </failure>
    </testcase>
  </testsuite>
  <testsuite name="14 - Filter: time range 01:11..01:13" id="3598a577-a1c6-49e6-a4b2-101389a54d04" timestamp="2025-12-29T01:54:20.265Z" tests="2" failures="0" errors="0" time="0.037">
    <testcase name="Status 200" time="0.037" classname="14FilterTimeRange01110113"/>
    <testcase name="All time within range" time="0.037" classname="14FilterTimeRange01110113"/>
  </testsuite>
  <testsuite name="15 - Ordering: -time,latency_ms" id="7a40282d-338c-4829-923d-30f56045548e" timestamp="2025-12-29T01:54:20.265Z" tests="2" failures="0" errors="0" time="0.030">
    <testcase name="Status 200" time="0.030" classname="15OrderingTimeLatencyMs"/>
    <testcase name="Has array" time="0.030" classname="15OrderingTimeLatencyMs"/>
  </testsuite>
  <testsuite name="20 - GET detail (id_b)" id="ef6f8586-ec6e-47e2-ab38-600fe1d871b9" timestamp="2025-12-29T01:54:20.265Z" tests="1" failures="1" errors="0" time="0.023">
    <testcase name="Status 200" time="0.023" classname="20GetDetailIdB">
      <failure type="AssertionFailure" message="expected response to have status code 200 but got 500">
        <![CDATA[Failed 1 times.]]>
        <![CDATA[Collection JSON ID: 0f2c9f3e-2c3a-4c38-bf92-2c4c6b4a5d01.]]>
        <![CDATA[Collection name: APM Observability - Step 1 (CRUD + Filters).]]>
        <![CDATA[Request name: 20 - GET detail (id_b).]]>
        <![CDATA[Test description: Status 200.]]>
        <![CDATA[Error message: expected response to have status code 200 but got 500.]]>
        <![CDATA[Stacktrace: AssertionError: expected response to have status code 200 but got 500
   at Object.eval sandbox-script.js:1:10).]]>
      </failure>
    </testcase>
  </testsuite>
  <testsuite name="21 - PATCH update (id_b -> latency_ms=111)" id="79cff327-9361-40e8-aa3e-d38078a4f1f5" timestamp="2025-12-29T01:54:20.265Z" tests="2" failures="0" errors="0" time="0.038">
    <testcase name="Status 200" time="0.038" classname="21PatchUpdateIdBLatencyMs111"/>
    <testcase name="Latency updated" time="0.038" classname="21PatchUpdateIdBLatencyMs111"/>
  </testsuite>
  <testsuite name="90 - DELETE sample A" id="e30d0b69-aa5c-4f9f-b39e-a1f4e947458c" timestamp="2025-12-29T01:54:20.265Z" tests="1" failures="0" errors="0" time="0.037">
    <testcase name="Status 204" time="0.037" classname="90DeleteSampleA"/>
  </testsuite>
  <testsuite name="91 - DELETE sample B" id="ebaa36f1-de93-43e0-b7e9-e4199a4f736a" timestamp="2025-12-29T01:54:20.265Z" tests="1" failures="0" errors="0" time="0.015">
    <testcase name="Status 204" time="0.015" classname="91DeleteSampleB"/>
  </testsuite>
  <testsuite name="92 - DELETE sample C" id="f90de952-25d5-429d-9157-febe2bb6bcaf" timestamp="2025-12-29T01:54:20.265Z" tests="1" failures="0" errors="0" time="0.058">
    <testcase name="Status 204" time="0.058" classname="92DeleteSampleC"/>
  </testsuite>
</testsuites>