<?xml version="1.0" encoding="UTF-8"?>
<testsuite name="observability.tests.test_ingest_strict.BulkIngestStrictModeTests-20251229021239" tests="3" file="observability/tests/test_ingest_strict.py" time="0.121" timestamp="2025-12-29T02:12:48" failures="0" errors="0" skipped="0">
	<testcase classname="observability.tests.test_ingest_strict.BulkIngestStrictModeTests" name="test_strict_mode_all_valid_still_inserts" time="0.097" timestamp="2025-12-29T02:12:48" file="observability/tests/test_ingest_strict.py" line="54"/>
	<testcase classname="observability.tests.test_ingest_strict.BulkIngestStrictModeTests" name="test_strict_mode_mixed_invalid_returns_400_inserts_0" time="0.012" timestamp="2025-12-29T02:12:48" file="observability/tests/test_ingest_strict.py" line="14"/>
	<testcase classname="observability.tests.test_ingest_strict.BulkIngestStrictModeTests" name="test_strict_mode_non_dict_item_rejects_all" time="0.011" timestamp="2025-12-29T02:12:48" file="observability/tests/test_ingest_strict.py" line="33"/>
</testsuite>
