<?xml version="1.0" encoding="UTF-8"?>
<testsuite name="observability.tests.test_legacy.ApiRequestIngestionTests-20251229021239" tests="8" file="observability/tests/test_legacy.py" time="2.580" timestamp="2025-12-29T02:12:52" failures="0" errors="0" skipped="0">
	<testcase classname="observability.tests.test_legacy.ApiRequestIngestionTests" name="test_max_errors_caps_error_details_but_counts_all_rejected" time="0.274" timestamp="2025-12-29T02:12:49" file="observability/tests/test_legacy.py" line="86"/>
	<testcase classname="observability.tests.test_legacy.ApiRequestIngestionTests" name="test_mixed_valid_invalid_partial_insert" time="0.867" timestamp="2025-12-29T02:12:50" file="observability/tests/test_legacy.py" line="32"/>
	<testcase classname="observability.tests.test_legacy.ApiRequestIngestionTests" name="test_non_list_payload_returns_400" time="0.005" timestamp="2025-12-29T02:12:50" file="observability/tests/test_legacy.py" line="65"/>
	<testcase classname="observability.tests.test_legacy.ApiRequestIngestionTests" name="test_raw_list_success_all_valid" time="0.715" timestamp="2025-12-29T02:12:51" file="observability/tests/test_legacy.py" line="19"/>
	<testcase classname="observability.tests.test_legacy.ApiRequestIngestionTests" name="test_strict_mode_rejects_all_if_any_invalid" time="0.009" timestamp="2025-12-29T02:12:51" file="observability/tests/test_legacy.py" line="106"/>
	<testcase classname="observability.tests.test_legacy.ApiRequestIngestionTests" name="test_strict_mode_rejects_all_if_any_item_not_dict" time="0.014" timestamp="2025-12-29T02:12:51" file="observability/tests/test_legacy.py" line="123"/>
	<testcase classname="observability.tests.test_legacy.ApiRequestIngestionTests" name="test_too_many_events_returns_400" time="0.009" timestamp="2025-12-29T02:12:51" file="observability/tests/test_legacy.py" line="73"/>
	<testcase classname="observability.tests.test_legacy.ApiRequestIngestionTests" name="test_wrapper_events_payload_works" time="0.687" timestamp="2025-12-29T02:12:52" file="observability/tests/test_legacy.py" line="51"/>
</testsuite>
