<?xml version="1.0" encoding="UTF-8"?>
<testsuite name="observability.tests.test_ingest_valid.BulkIngestValidTests-20251229021239" tests="2" file="observability/tests/test_ingest_valid.py" time="0.294" timestamp="2025-12-29T02:12:48" failures="0" errors="0" skipped="0">
	<testcase classname="observability.tests.test_ingest_valid.BulkIngestValidTests" name="test_bulk_ingest_valid_list_inserts_all" time="0.167" timestamp="2025-12-29T02:12:48" file="observability/tests/test_ingest_valid.py" line="14"/>
	<testcase classname="observability.tests.test_ingest_valid.BulkIngestValidTests" name="test_bulk_ingest_valid_wrapper_shape_inserts_all" time="0.127" timestamp="2025-12-29T02:12:48" file="observability/tests/test_ingest_valid.py" line="28"/>
</testsuite>
