<?xml version="1.0" encoding="UTF-8"?>
<testsuite name="observability.tests.test_legacy.Step5AnalyticsApiTests-20251229021239" tests="5" file="observability/tests/test_legacy.py" time="2.725" timestamp="2025-12-29T02:12:55" failures="0" errors="0" skipped="0">
	<testcase classname="observability.tests.test_legacy.Step5AnalyticsApiTests" name="test_kpis_error_rate_correct_and_p95_numeric" time="0.875" timestamp="2025-12-29T02:12:53" file="observability/tests/test_legacy.py" line="352"/>
	<testcase classname="observability.tests.test_legacy.Step5AnalyticsApiTests" name="test_kpis_params_validation_bad_date_returns_400" time="1.002" timestamp="2025-12-29T02:12:54" file="observability/tests/test_legacy.py" line="341"/>
	<testcase classname="observability.tests.test_legacy.Step5AnalyticsApiTests" name="test_top_endpoints_params_validation_bad_sort_returns_400" time="0.459" timestamp="2025-12-29T02:12:55" file="observability/tests/test_legacy.py" line="345"/>
	<testcase classname="observability.tests.test_legacy.Step5AnalyticsApiTests" name="test_top_endpoints_sorting_respects_direction_and_limit" time="0.221" timestamp="2025-12-29T02:12:55" file="observability/tests/test_legacy.py" line="387"/>
	<testcase classname="observability.tests.test_legacy.Step5AnalyticsApiTests" name="test_top_endpoints_with_p95_returns_numeric_for_at_least_one_row" time="0.167" timestamp="2025-12-29T02:12:55" file="observability/tests/test_legacy.py" line="411"/>
</testsuite>
