<?xml version="1.0" encoding="UTF-8"?>
<testsuites name="APM Observability - Step 1 (CRUD + Filters)" tests="14" time="0.000">
  <testsuite name="00 - Create sample A (older time, 500)" id="601cc592-10ff-4403-918e-9652e0c8b06f" timestamp="2025-12-24T17:23:51.893Z" tests="1" failures="1" errors="2" time="0.000">
    <system-err><![CDATA[Iteration: 0
RequestError: Error: connect ECONNREFUSED 127.0.0.1:8443
    at TCPConnectWrap.afterConnect [as oncomplete] (node:net:1634:16)

---
testScriptError: "undefined" is not valid JSON
---
]]></system-err>
    <testcase name="Status 201" time="0.000" classname="00CreateSampleAOlderTime500">
      <failure type="AssertionFailure" message="expected PostmanResponse{ …(5) } to have property 'code'">
        <![CDATA[Failed 1 times.]]>
        <![CDATA[Collection JSON ID: 0f2c9f3e-2c3a-4c38-bf92-2c4c6b4a5d01.]]>
        <![CDATA[Collection name: APM Observability - Step 1 (CRUD + Filters).]]>
        <![CDATA[Request name: 00 - Create sample A (older time, 500).]]>
        <![CDATA[Test description: Status 201.]]>
        <![CDATA[Error message: expected PostmanResponse{ …(5) } to have property 'code'.]]>
        <![CDATA[Stacktrace: AssertionError: expected PostmanResponse{ …(5) } to have property 'code'
   at Object.eval sandbox-script.js:1:1).]]>
      </failure>
    </testcase>
  </testsuite>
  <testsuite name="01 - Create sample B (newer time, latency 100)" id="91336898-1c28-448b-be95-69cec736cfb5" timestamp="2025-12-24T17:23:51.893Z" tests="1" failures="1" errors="2" time="0.000">
    <system-err><![CDATA[Iteration: 0
RequestError: Error: connect ECONNREFUSED 127.0.0.1:8443
    at TCPConnectWrap.afterConnect [as oncomplete] (node:net:1634:16)

---
testScriptError: "undefined" is not valid JSON
---
]]></system-err>
    <testcase name="Status 201" time="0.000" classname="01CreateSampleBNewerTimeLatency100">
      <failure type="AssertionFailure" message="expected PostmanResponse{ …(5) } to have property 'code'">
        <![CDATA[Failed 1 times.]]>
        <![CDATA[Collection JSON ID: 0f2c9f3e-2c3a-4c38-bf92-2c4c6b4a5d01.]]>
        <![CDATA[Collection name: APM Observability - Step 1 (CRUD + Filters).]]>
        <![CDATA[Request name: 01 - Create sample B (newer time, latency 100).]]>
        <![CDATA[Test description: Status 201.]]>
        <![CDATA[Error message: expected PostmanResponse{ …(5) } to have property 'code'.]]>
        <![CDATA[Stacktrace: AssertionError: expected PostmanResponse{ …(5) } to have property 'code'
   at Object.eval sandbox-script.js:1:2).]]>
      </failure>
    </testcase>
  </testsuite>
  <testsuite name="02 - Create sample C (newer time, latency 200)" id="b0d41b70-8f82-4ea5-9c56-577c09b08cd8" timestamp="2025-12-24T17:23:51.893Z" tests="1" failures="1" errors="2" time="0.000">
    <system-err><![CDATA[Iteration: 0
RequestError: Error: connect ECONNREFUSED 127.0.0.1:8443
    at TCPConnectWrap.afterConnect [as oncomplete] (node:net:1634:16)

---
testScriptError: "undefined" is not valid JSON
---
]]></system-err>
    <testcase name="Status 201" time="0.000" classname="02CreateSampleCNewerTimeLatency200">
      <failure type="AssertionFailure" message="expected PostmanResponse{ …(5) } to have property 'code'">
        <![CDATA[Failed 1 times.]]>
        <![CDATA[Collection JSON ID: 0f2c9f3e-2c3a-4c38-bf92-2c4c6b4a5d01.]]>
        <![CDATA[Collection name: APM Observability - Step 1 (CRUD + Filters).]]>
        <![CDATA[Request name: 02 - Create sample C (newer time, latency 200).]]>
        <![CDATA[Test description: Status 201.]]>
        <![CDATA[Error message: expected PostmanResponse{ …(5) } to have property 'code'.]]>
        <![CDATA[Stacktrace: AssertionError: expected PostmanResponse{ …(5) } to have property 'code'
   at Object.eval sandbox-script.js:1:3).]]>
      </failure>
    </testcase>
  </testsuite>
  <testsuite name="10 - GET list (default ordering -time)" id="35f4d3cb-220a-482b-8dbe-feda02bb2629" timestamp="2025-12-24T17:23:51.893Z" tests="1" failures="1" errors="2" time="0.000">
    <system-err><![CDATA[Iteration: 0
RequestError: Error: connect ECONNREFUSED 127.0.0.1:8443
    at TCPConnectWrap.afterConnect [as oncomplete] (node:net:1634:16)

---
testScriptError: "undefined" is not valid JSON
---
]]></system-err>
    <testcase name="Status 200" time="0.000" classname="10GetListDefaultOrderingTime">
      <failure type="AssertionFailure" message="expected PostmanResponse{ …(5) } to have property 'code'">
        <![CDATA[Failed 1 times.]]>
        <![CDATA[Collection JSON ID: 0f2c9f3e-2c3a-4c38-bf92-2c4c6b4a5d01.]]>
        <![CDATA[Collection name: APM Observability - Step 1 (CRUD + Filters).]]>
        <![CDATA[Request name: 10 - GET list (default ordering -time).]]>
        <![CDATA[Test description: Status 200.]]>
        <![CDATA[Error message: expected PostmanResponse{ …(5) } to have property 'code'.]]>
        <![CDATA[Stacktrace: AssertionError: expected PostmanResponse{ …(5) } to have property 'code'
   at Object.eval sandbox-script.js:1:4).]]>
      </failure>
    </testcase>
  </testsuite>
  <testsuite name="11 - Filter: service=auth" id="84ced288-a0d6-46e9-b584-1a484c240bcf" timestamp="2025-12-24T17:23:51.893Z" tests="1" failures="1" errors="2" time="0.000">
    <system-err><![CDATA[Iteration: 0
RequestError: Error: connect ECONNREFUSED 127.0.0.1:8443
    at TCPConnectWrap.afterConnect [as oncomplete] (node:net:1634:16)

---
testScriptError: "undefined" is not valid JSON
---
]]></system-err>
    <testcase name="Status 200" time="0.000" classname="11FilterServiceAuth">
      <failure type="AssertionFailure" message="expected PostmanResponse{ …(5) } to have property 'code'">
        <![CDATA[Failed 1 times.]]>
        <![CDATA[Collection JSON ID: 0f2c9f3e-2c3a-4c38-bf92-2c4c6b4a5d01.]]>
        <![CDATA[Collection name: APM Observability - Step 1 (CRUD + Filters).]]>
        <![CDATA[Request name: 11 - Filter: service=auth.]]>
        <![CDATA[Test description: Status 200.]]>
        <![CDATA[Error message: expected PostmanResponse{ …(5) } to have property 'code'.]]>
        <![CDATA[Stacktrace: AssertionError: expected PostmanResponse{ …(5) } to have property 'code'
   at Object.eval sandbox-script.js:1:5).]]>
      </failure>
    </testcase>
  </testsuite>
  <testsuite name="12 - Filter: status_code=500" id="03cefb2b-220f-4fe3-a91a-39979e951eb0" timestamp="2025-12-24T17:23:51.893Z" tests="1" failures="1" errors="2" time="0.000">
    <system-err><![CDATA[Iteration: 0
RequestError: Error: connect ECONNREFUSED 127.0.0.1:8443
    at TCPConnectWrap.afterConnect [as oncomplete] (node:net:1634:16)

---
testScriptError: "undefined" is not valid JSON
---
]]></system-err>
    <testcase name="Status 200" time="0.000" classname="12FilterStatusCode500">
      <failure type="AssertionFailure" message="expected PostmanResponse{ …(5) } to have property 'code'">
        <![CDATA[Failed 1 times.]]>
        <![CDATA[Collection JSON ID: 0f2c9f3e-2c3a-4c38-bf92-2c4c6b4a5d01.]]>
        <![CDATA[Collection name: APM Observability - Step 1 (CRUD + Filters).]]>
        <![CDATA[Request name: 12 - Filter: status_code=500.]]>
        <![CDATA[Test description: Status 200.]]>
        <![CDATA[Error message: expected PostmanResponse{ …(5) } to have property 'code'.]]>
        <![CDATA[Stacktrace: AssertionError: expected PostmanResponse{ …(5) } to have property 'code'
   at Object.eval sandbox-script.js:1:6).]]>
      </failure>
    </testcase>
  </testsuite>
  <testsuite name="13 - Filter: latency 120..220" id="82a2d238-ce15-4c6c-8ca7-d976456e47f4" timestamp="2025-12-24T17:23:51.893Z" tests="1" failures="1" errors="2" time="0.000">
    <system-err><![CDATA[Iteration: 0
RequestError: Error: connect ECONNREFUSED 127.0.0.1:8443
    at TCPConnectWrap.afterConnect [as oncomplete] (node:net:1634:16)

---
testScriptError: "undefined" is not valid JSON
---
]]></system-err>
    <testcase name="Status 200" time="0.000" classname="13FilterLatency120220">
      <failure type="AssertionFailure" message="expected PostmanResponse{ …(5) } to have property 'code'">
        <![CDATA[Failed 1 times.]]>
        <![CDATA[Collection JSON ID: 0f2c9f3e-2c3a-4c38-bf92-2c4c6b4a5d01.]]>
        <![CDATA[Collection name: APM Observability - Step 1 (CRUD + Filters).]]>
        <![CDATA[Request name: 13 - Filter: latency 120..220.]]>
        <![CDATA[Test description: Status 200.]]>
        <![CDATA[Error message: expected PostmanResponse{ …(5) } to have property 'code'.]]>
        <![CDATA[Stacktrace: AssertionError: expected PostmanResponse{ …(5) } to have property 'code'
   at Object.eval sandbox-script.js:1:7).]]>
      </failure>
    </testcase>
  </testsuite>
  <testsuite name="14 - Filter: time range 01:11..01:13" id="80993323-0b22-4f98-a6d4-7708108da296" timestamp="2025-12-24T17:23:51.893Z" tests="1" failures="1" errors="2" time="0.000">
    <system-err><![CDATA[Iteration: 0
RequestError: Error: connect ECONNREFUSED 127.0.0.1:8443
    at TCPConnectWrap.afterConnect [as oncomplete] (node:net:1634:16)

---
testScriptError: "undefined" is not valid JSON
---
]]></system-err>
    <testcase name="Status 200" time="0.000" classname="14FilterTimeRange01110113">
      <failure type="AssertionFailure" message="expected PostmanResponse{ …(5) } to have property 'code'">
        <![CDATA[Failed 1 times.]]>
        <![CDATA[Collection JSON ID: 0f2c9f3e-2c3a-4c38-bf92-2c4c6b4a5d01.]]>
        <![CDATA[Collection name: APM Observability - Step 1 (CRUD + Filters).]]>
        <![CDATA[Request name: 14 - Filter: time range 01:11..01:13.]]>
        <![CDATA[Test description: Status 200.]]>
        <![CDATA[Error message: expected PostmanResponse{ …(5) } to have property 'code'.]]>
        <![CDATA[Stacktrace: AssertionError: expected PostmanResponse{ …(5) } to have property 'code'
   at Object.eval sandbox-script.js:1:8).]]>
      </failure>
    </testcase>
  </testsuite>
  <testsuite name="15 - Ordering: -time,latency_ms" id="ed59bfd9-3597-4de7-ba19-7af6cc3eefe1" timestamp="2025-12-24T17:23:51.893Z" tests="1" failures="1" errors="2" time="0.000">
    <system-err><![CDATA[Iteration: 0
RequestError: Error: connect ECONNREFUSED 127.0.0.1:8443
    at TCPConnectWrap.afterConnect [as oncomplete] (node:net:1634:16)

---
testScriptError: "undefined" is not valid JSON
---
]]></system-err>
    <testcase name="Status 200" time="0.000" classname="15OrderingTimeLatencyMs">
      <failure type="AssertionFailure" message="expected PostmanResponse{ …(5) } to have property 'code'">
        <![CDATA[Failed 1 times.]]>
        <![CDATA[Collection JSON ID: 0f2c9f3e-2c3a-4c38-bf92-2c4c6b4a5d01.]]>
        <![CDATA[Collection name: APM Observability - Step 1 (CRUD + Filters).]]>
        <![CDATA[Request name: 15 - Ordering: -time,latency_ms.]]>
        <![CDATA[Test description: Status 200.]]>
        <![CDATA[Error message: expected PostmanResponse{ …(5) } to have property 'code'.]]>
        <![CDATA[Stacktrace: AssertionError: expected PostmanResponse{ …(5) } to have property 'code'
   at Object.eval sandbox-script.js:1:9).]]>
      </failure>
    </testcase>
  </testsuite>
  <testsuite name="20 - GET detail (id_b)" id="9bc6965b-61c8-45cb-9ac5-c8c12f816c5c" timestamp="2025-12-24T17:23:51.893Z" tests="1" failures="1" errors="1" time="0.000">
    <system-err><![CDATA[Iteration: 0
RequestError: Error: connect ECONNREFUSED 127.0.0.1:8443
    at TCPConnectWrap.afterConnect [as oncomplete] (node:net:1634:16)

---
]]></system-err>
    <testcase name="Status 200" time="0.000" classname="20GetDetailIdB">
      <failure type="AssertionFailure" message="expected PostmanResponse{ …(5) } to have property 'code'">
        <![CDATA[Failed 1 times.]]>
        <![CDATA[Collection JSON ID: 0f2c9f3e-2c3a-4c38-bf92-2c4c6b4a5d01.]]>
        <![CDATA[Collection name: APM Observability - Step 1 (CRUD + Filters).]]>
        <![CDATA[Request name: 20 - GET detail (id_b).]]>
        <![CDATA[Test description: Status 200.]]>
        <![CDATA[Error message: expected PostmanResponse{ …(5) } to have property 'code'.]]>
        <![CDATA[Stacktrace: AssertionError: expected PostmanResponse{ …(5) } to have property 'code'
   at Object.eval sandbox-script.js:1:10).]]>
      </failure>
    </testcase>
  </testsuite>
  <testsuite name="21 - PATCH update (id_b -> latency_ms=111)" id="14852f6a-a9c6-49d8-9ded-6b7fb5d91903" timestamp="2025-12-24T17:23:51.893Z" tests="1" failures="1" errors="2" time="0.000">
    <system-err><![CDATA[Iteration: 0
RequestError: Error: connect ECONNREFUSED 127.0.0.1:8443
    at TCPConnectWrap.afterConnect [as oncomplete] (node:net:1634:16)

---
testScriptError: "undefined" is not valid JSON
---
]]></system-err>
    <testcase name="Status 200" time="0.000" classname="21PatchUpdateIdBLatencyMs111">
      <failure type="AssertionFailure" message="expected PostmanResponse{ …(5) } to have property 'code'">
        <![CDATA[Failed 1 times.]]>
        <![CDATA[Collection JSON ID: 0f2c9f3e-2c3a-4c38-bf92-2c4c6b4a5d01.]]>
        <![CDATA[Collection name: APM Observability - Step 1 (CRUD + Filters).]]>
        <![CDATA[Request name: 21 - PATCH update (id_b -> latency_ms=111).]]>
        <![CDATA[Test description: Status 200.]]>
        <![CDATA[Error message: expected PostmanResponse{ …(5) } to have property 'code'.]]>
        <![CDATA[Stacktrace: AssertionError: expected PostmanResponse{ …(5) } to have property 'code'
   at Object.eval sandbox-script.js:1:11).]]>
      </failure>
    </testcase>
  </testsuite>
  <testsuite name="90 - DELETE sample A" id="1843a579-8faf-4a7b-88ea-95ee4312b2e4" timestamp="2025-12-24T17:23:51.893Z" tests="1" failures="1" errors="1" time="0.000">
    <system-err><![CDATA[Iteration: 0
RequestError: Error: connect ECONNREFUSED 127.0.0.1:8443
    at TCPConnectWrap.afterConnect [as oncomplete] (node:net:1634:16)

---
]]></system-err>
    <testcase name="Status 204" time="0.000" classname="90DeleteSampleA">
      <failure type="AssertionFailure" message="expected PostmanResponse{ …(5) } to have property 'code'">
        <![CDATA[Failed 1 times.]]>
        <![CDATA[Collection JSON ID: 0f2c9f3e-2c3a-4c38-bf92-2c4c6b4a5d01.]]>
        <![CDATA[Collection name: APM Observability - Step 1 (CRUD + Filters).]]>
        <![CDATA[Request name: 90 - DELETE sample A.]]>
        <![CDATA[Test description: Status 204.]]>
        <![CDATA[Error message: expected PostmanResponse{ …(5) } to have property 'code'.]]>
        <![CDATA[Stacktrace: AssertionError: expected PostmanResponse{ …(5) } to have property 'code'
   at Object.eval sandbox-script.js:1:12).]]>
      </failure>
    </testcase>
  </testsuite>
  <testsuite name="91 - DELETE sample B" id="f7e24f53-058b-4625-8ab8-7e288543c3ef" timestamp="2025-12-24T17:23:51.893Z" tests="1" failures="1" errors="1" time="0.000">
    <system-err><![CDATA[Iteration: 0
RequestError: Error: connect ECONNREFUSED 127.0.0.1:8443
    at TCPConnectWrap.afterConnect [as oncomplete] (node:net:1634:16)

---
]]></system-err>
    <testcase name="Status 204" time="0.000" classname="91DeleteSampleB">
      <failure type="AssertionFailure" message="expected PostmanResponse{ …(5) } to have property 'code'">
        <![CDATA[Failed 1 times.]]>
        <![CDATA[Collection JSON ID: 0f2c9f3e-2c3a-4c38-bf92-2c4c6b4a5d01.]]>
        <![CDATA[Collection name: APM Observability - Step 1 (CRUD + Filters).]]>
        <![CDATA[Request name: 91 - DELETE sample B.]]>
        <![CDATA[Test description: Status 204.]]>
        <![CDATA[Error message: expected PostmanResponse{ …(5) } to have property 'code'.]]>
        <![CDATA[Stacktrace: AssertionError: expected PostmanResponse{ …(5) } to have property 'code'
   at Object.eval sandbox-script.js:1:13).]]>
      </failure>
    </testcase>
  </testsuite>
  <testsuite name="92 - DELETE sample C" id="7fa1fcca-1ebc-4cbb-a565-eb5034cd5dac" timestamp="2025-12-24T17:23:51.893Z" tests="1" failures="1" errors="1" time="0.000">
    <system-err><![CDATA[Iteration: 0
RequestError: Error: connect ECONNREFUSED 127.0.0.1:8443
    at TCPConnectWrap.afterConnect [as oncomplete] (node:net:1634:16)

---
]]></system-err>
    <testcase name="Status 204" time="0.000" classname="92DeleteSampleC">
      <failure type="AssertionFailure" message="expected PostmanResponse{ …(5) } to have property 'code'">
        <![CDATA[Failed 1 times.]]>
        <![CDATA[Collection JSON ID: 0f2c9f3e-2c3a-4c38-bf92-2c4c6b4a5d01.]]>
        <![CDATA[Collection name: APM Observability - Step 1 (CRUD + Filters).]]>
        <![CDATA[Request name: 92 - DELETE sample C.]]>
        <![CDATA[Test description: Status 204.]]>
        <![CDATA[Error message: expected PostmanResponse{ …(5) } to have property 'code'.]]>
        <![CDATA[Stacktrace: AssertionError: expected PostmanResponse{ …(5) } to have property 'code'
   at Object.eval sandbox-script.js:1:14).]]>
      </failure>
    </testcase>
  </testsuite>
</testsuites>