<?xml version="1.0" encoding="UTF-8"?>
<testsuite name="observability.tests.test_ingest_mixed_non_strict.BulkIngestMixedNonStrictTests-20251214191220" tests="2" file="observability/tests/test_ingest_mixed_non_strict.py" time="0.295" timestamp="2025-12-14T19:12:23" failures="0" errors="0" skipped="0">
	<testcase classname="observability.tests.test_ingest_mixed_non_strict.BulkIngestMixedNonStrictTests" name="test_mixed_payload_inserts_valid_rejects_invalid_returns_200" time="0.147" timestamp="2025-12-14T19:12:23" file="observability/tests/test_ingest_mixed_non_strict.py" line="14"/>
	<testcase classname="observability.tests.test_ingest_mixed_non_strict.BulkIngestMixedNonStrictTests" name="test_mixed_payload_respects_max_errors_cap" time="0.148" timestamp="2025-12-14T19:12:23" file="observability/tests/test_ingest_mixed_non_strict.py" line="43"/>
</testsuite>
