<?xml version="1.0" encoding="UTF-8"?>
<testsuite name="observability.tests.test_top_endpoints.TopEndpointsEndpointTests-20251221184632" tests="6" file="observability/tests/test_top_endpoints.py" time="0.002" timestamp="2025-12-21T18:46:32" failures="0" errors="0" skipped="6">
	<testcase classname="observability.tests.test_top_endpoints.TopEndpointsEndpointTests" name="test_params_validation_bad_sort_returns_400" time="0.001" timestamp="2025-12-21T18:46:32" file="observability/tests/test_top_endpoints.py" line="133">
		<skipped type="skip" message="Top endpoints tests require PostgreSQL (percentile_cont)."/>
	</testcase>
	<testcase classname="observability.tests.test_top_endpoints.TopEndpointsEndpointTests" name="test_sort_by_avg_latency_desc_orders_slowest_first" time="0.000" timestamp="2025-12-21T18:46:32" file="observability/tests/test_top_endpoints.py" line="178">
		<skipped type="skip" message="Top endpoints tests require PostgreSQL (percentile_cont)."/>
	</testcase>
	<testcase classname="observability.tests.test_top_endpoints.TopEndpointsEndpointTests" name="test_sort_by_error_rate_desc_orders_highest_first" time="0.000" timestamp="2025-12-21T18:46:32" file="observability/tests/test_top_endpoints.py" line="167">
		<skipped type="skip" message="Top endpoints tests require PostgreSQL (percentile_cont)."/>
	</testcase>
	<testcase classname="observability.tests.test_top_endpoints.TopEndpointsEndpointTests" name="test_sort_by_hits_asc_orders_smallest_first" time="0.000" timestamp="2025-12-21T18:46:32" file="observability/tests/test_top_endpoints.py" line="157">
		<skipped type="skip" message="Top endpoints tests require PostgreSQL (percentile_cont)."/>
	</testcase>
	<testcase classname="observability.tests.test_top_endpoints.TopEndpointsEndpointTests" name="test_sort_by_hits_desc_orders_biggest_first" time="0.000" timestamp="2025-12-21T18:46:32" file="observability/tests/test_top_endpoints.py" line="137">
		<skipped type="skip" message="Top endpoints tests require PostgreSQL (percentile_cont)."/>
	</testcase>
	<testcase classname="observability.tests.test_top_endpoints.TopEndpointsEndpointTests" name="test_with_p95_true_includes_p95_field" time="0.000" timestamp="2025-12-21T18:46:32" file="observability/tests/test_top_endpoints.py" line="188">
		<skipped type="skip" message="Top endpoints tests require PostgreSQL (percentile_cont)."/>
	</testcase>
</testsuite>
