<?xml version="1.0" encoding="UTF-8"?>
<testsuite name="observability.tests.test_top_endpoints.TopEndpointsEndpointTests-20251214191220" tests="6" file="observability/tests/test_top_endpoints.py" time="0.226" timestamp="2025-12-14T19:12:26" failures="0" errors="0" skipped="0">
	<testcase classname="observability.tests.test_top_endpoints.TopEndpointsEndpointTests" name="test_params_validation_bad_sort_returns_400" time="0.040" timestamp="2025-12-14T19:12:25" file="observability/tests/test_top_endpoints.py" line="133"/>
	<testcase classname="observability.tests.test_top_endpoints.TopEndpointsEndpointTests" name="test_sort_by_avg_latency_desc_orders_slowest_first" time="0.040" timestamp="2025-12-14T19:12:25" file="observability/tests/test_top_endpoints.py" line="178"/>
	<testcase classname="observability.tests.test_top_endpoints.TopEndpointsEndpointTests" name="test_sort_by_error_rate_desc_orders_highest_first" time="0.035" timestamp="2025-12-14T19:12:25" file="observability/tests/test_top_endpoints.py" line="167"/>
	<testcase classname="observability.tests.test_top_endpoints.TopEndpointsEndpointTests" name="test_sort_by_hits_asc_orders_smallest_first" time="0.041" timestamp="2025-12-14T19:12:26" file="observability/tests/test_top_endpoints.py" line="157"/>
	<testcase classname="observability.tests.test_top_endpoints.TopEndpointsEndpointTests" name="test_sort_by_hits_desc_orders_biggest_first" time="0.034" timestamp="2025-12-14T19:12:26" file="observability/tests/test_top_endpoints.py" line="137"/>
	<testcase classname="observability.tests.test_top_endpoints.TopEndpointsEndpointTests" name="test_with_p95_true_includes_p95_field" time="0.036" timestamp="2025-12-14T19:12:26" file="observability/tests/test_top_endpoints.py" line="188"/>
</testsuite>
