<?xml version="1.0" encoding="UTF-8"?>
<testsuite name="observability.tests.test_hourly.HourlyEndpointTests-20251221184527" tests="1" file="observability/tests/test_hourly.py" time="0.001" timestamp="2025-12-21T18:45:27" failures="0" errors="0" skipped="1">
	<testcase classname="observability.tests.test_hourly.HourlyEndpointTests" name="test_hourly_endpoint_returns_buckets_and_totals" time="0.001" timestamp="2025-12-21T18:45:27" file="observability/tests/test_hourly.py" line="161">
		<skipped type="skip" message="Hourly endpoint tests require PostgreSQL/TimescaleDB (cagg/view)."/>
	</testcase>
</testsuite>
