<?xml version="1.0" encoding="UTF-8"?>
<testsuite name="observability.tests.test_kpis.KpisEndpointTests-20251214191220" tests="2" file="observability/tests/test_kpis.py" time="0.172" timestamp="2025-12-14T19:12:24" failures="0" errors="0" skipped="0">
	<testcase classname="observability.tests.test_kpis.KpisEndpointTests" name="test_kpis_bad_date_param_returns_400" time="0.082" timestamp="2025-12-14T19:12:24" file="observability/tests/test_kpis.py" line="109"/>
	<testcase classname="observability.tests.test_kpis.KpisEndpointTests" name="test_kpis_shape_and_plausible_values" time="0.091" timestamp="2025-12-14T19:12:24" file="observability/tests/test_kpis.py" line="69"/>
</testsuite>
