<?xml version="1.0" encoding="UTF-8"?>
<testsuite name="observability.tests.test_hourly.HourlyEndpointTests-20251214191220" tests="1" file="observability/tests/test_hourly.py" time="0.113" timestamp="2025-12-14T19:12:23" failures="0" errors="0" skipped="0">
	<testcase classname="observability.tests.test_hourly.HourlyEndpointTests" name="test_hourly_endpoint_returns_buckets_and_totals" time="0.113" timestamp="2025-12-14T19:12:23" file="observability/tests/test_hourly.py" line="161"/>
</testsuite>
