<?xml version="1.0" encoding="UTF-8"?>
<testsuites name="APM Observability — Step 2 (Ingest)" tests="4" time="0.718">
  <testsuite name="Ingest — valid (raw list)" id="b273e3d3-448c-4415-b20d-967c12cfecb7" timestamp="2025-12-24T18:03:21.483Z" tests="3" failures="0" errors="0" time="0.271">
    <testcase name="status is 200" time="0.271" classname="IngestValidRawList"/>
    <testcase name="inserted is 2" time="0.271" classname="IngestValidRawList"/>
    <testcase name="rejected is 0" time="0.271" classname="IngestValidRawList"/>
  </testsuite>
  <testsuite name="Ingest — mixed invalid (raw list)" id="cfa9432b-5bf1-49c8-abda-1348dc612265" timestamp="2025-12-24T18:03:21.483Z" tests="4" failures="0" errors="0" time="0.029">
    <testcase name="status is 200" time="0.029" classname="IngestMixedInvalidRawList"/>
    <testcase name="inserted is 1" time="0.029" classname="IngestMixedInvalidRawList"/>
    <testcase name="rejected is 1" time="0.029" classname="IngestMixedInvalidRawList"/>
    <testcase name="errors contains index 1" time="0.029" classname="IngestMixedInvalidRawList"/>
  </testsuite>
  <testsuite name="Ingest — wrapper {events: [...]}" id="dd0b0f12-d503-45ae-b4d8-4671bee7f27e" timestamp="2025-12-24T18:03:21.483Z" tests="3" failures="0" errors="0" time="0.266">
    <testcase name="status is 200" time="0.266" classname="IngestWrapperEvents"/>
    <testcase name="inserted is 2" time="0.266" classname="IngestWrapperEvents"/>
    <testcase name="rejected is 0" time="0.266" classname="IngestWrapperEvents"/>
  </testsuite>
  <testsuite name="Ingest — strict=true (mixed invalid)" id="0076bf09-2543-435e-b383-a141ca3053d1" timestamp="2025-12-24T18:03:21.483Z" tests="3" failures="0" errors="0" time="0.152">
    <testcase name="status is 400" time="0.152" classname="IngestStrictTrueMixedInvalid"/>
    <testcase name="inserted is 0" time="0.152" classname="IngestStrictTrueMixedInvalid"/>
    <testcase name="rejected > 0" time="0.152" classname="IngestStrictTrueMixedInvalid"/>
  </testsuite>
</testsuites>