<?xml version="1.0" encoding="UTF-8"?>
<testsuites name="APM Observability - Step 1 (CRUD + Filters)" tests="14" time="2.664">
  <testsuite name="00 - Create sample A (older time, 500)" id="e8294360-6175-4712-9eea-56457096ffa0" timestamp="2025-12-29T01:33:55.945Z" tests="1" failures="1" errors="1" time="0.499">
    <system-err><![CDATA[Iteration: 0

---
testScriptError: Unexpected token '<' at 2:1
<!doctype html>
^
---
]]></system-err>
    <testcase name="Status 201" time="0.499" classname="00CreateSampleAOlderTime500">
      <failure type="AssertionFailure" message="expected response to have status code 201 but got 500">
        <![CDATA[Failed 1 times.]]>
        <![CDATA[Collection JSON ID: 0f2c9f3e-2c3a-4c38-bf92-2c4c6b4a5d01.]]>
        <![CDATA[Collection name: APM Observability - Step 1 (CRUD + Filters).]]>
        <![CDATA[Request name: 00 - Create sample A (older time, 500).]]>
        <![CDATA[Test description: Status 201.]]>
        <![CDATA[Error message: expected response to have status code 201 but got 500.]]>
        <![CDATA[Stacktrace: AssertionError: expected response to have status code 201 but got 500
   at Object.eval sandbox-script.js:1:1).]]>
      </failure>
    </testcase>
  </testsuite>
  <testsuite name="01 - Create sample B (newer time, latency 100)" id="d74d52bc-8b52-4eba-8d05-8907df371a79" timestamp="2025-12-29T01:33:55.945Z" tests="1" failures="1" errors="1" time="0.075">
    <system-err><![CDATA[Iteration: 0

---
testScriptError: Unexpected token '<' at 2:1
<!doctype html>
^
---
]]></system-err>
    <testcase name="Status 201" time="0.075" classname="01CreateSampleBNewerTimeLatency100">
      <failure type="AssertionFailure" message="expected response to have status code 201 but got 500">
        <![CDATA[Failed 1 times.]]>
        <![CDATA[Collection JSON ID: 0f2c9f3e-2c3a-4c38-bf92-2c4c6b4a5d01.]]>
        <![CDATA[Collection name: APM Observability - Step 1 (CRUD + Filters).]]>
        <![CDATA[Request name: 01 - Create sample B (newer time, latency 100).]]>
        <![CDATA[Test description: Status 201.]]>
        <![CDATA[Error message: expected response to have status code 201 but got 500.]]>
        <![CDATA[Stacktrace: AssertionError: expected response to have status code 201 but got 500
   at Object.eval sandbox-script.js:1:2).]]>
      </failure>
    </testcase>
  </testsuite>
  <testsuite name="02 - Create sample C (newer time, latency 200)" id="d49b98d0-aafb-449a-84dd-5e30215c412d" timestamp="2025-12-29T01:33:55.945Z" tests="1" failures="1" errors="1" time="0.482">
    <system-err><![CDATA[Iteration: 0

---
testScriptError: Unexpected token '<' at 2:1
<!doctype html>
^
---
]]></system-err>
    <testcase name="Status 201" time="0.482" classname="02CreateSampleCNewerTimeLatency200">
      <failure type="AssertionFailure" message="expected response to have status code 201 but got 500">
        <![CDATA[Failed 1 times.]]>
        <![CDATA[Collection JSON ID: 0f2c9f3e-2c3a-4c38-bf92-2c4c6b4a5d01.]]>
        <![CDATA[Collection name: APM Observability - Step 1 (CRUD + Filters).]]>
        <![CDATA[Request name: 02 - Create sample C (newer time, latency 200).]]>
        <![CDATA[Test description: Status 201.]]>
        <![CDATA[Error message: expected response to have status code 201 but got 500.]]>
        <![CDATA[Stacktrace: AssertionError: expected response to have status code 201 but got 500
   at Object.eval sandbox-script.js:1:3).]]>
      </failure>
    </testcase>
  </testsuite>
  <testsuite name="10 - GET list (default ordering -time)" id="c3c0d798-e638-4874-813c-51edad412047" timestamp="2025-12-29T01:33:55.945Z" tests="1" failures="1" errors="1" time="0.065">
    <system-err><![CDATA[Iteration: 0

---
testScriptError: Unexpected token '<' at 2:1
<!doctype html>
^
---
]]></system-err>
    <testcase name="Status 200" time="0.065" classname="10GetListDefaultOrderingTime">
      <failure type="AssertionFailure" message="expected response to have status code 200 but got 500">
        <![CDATA[Failed 1 times.]]>
        <![CDATA[Collection JSON ID: 0f2c9f3e-2c3a-4c38-bf92-2c4c6b4a5d01.]]>
        <![CDATA[Collection name: APM Observability - Step 1 (CRUD + Filters).]]>
        <![CDATA[Request name: 10 - GET list (default ordering -time).]]>
        <![CDATA[Test description: Status 200.]]>
        <![CDATA[Error message: expected response to have status code 200 but got 500.]]>
        <![CDATA[Stacktrace: AssertionError: expected response to have status code 200 but got 500
   at Object.eval sandbox-script.js:1:4).]]>
      </failure>
    </testcase>
  </testsuite>
  <testsuite name="11 - Filter: service=auth" id="fcb45c80-4f9c-4d68-bbb8-dd050de86599" timestamp="2025-12-29T01:33:55.945Z" tests="1" failures="1" errors="1" time="0.292">
    <system-err><![CDATA[Iteration: 0

---
testScriptError: Unexpected token '<' at 2:1
<!doctype html>
^
---
]]></system-err>
    <testcase name="Status 200" time="0.292" classname="11FilterServiceAuth">
      <failure type="AssertionFailure" message="expected response to have status code 200 but got 500">
        <![CDATA[Failed 1 times.]]>
        <![CDATA[Collection JSON ID: 0f2c9f3e-2c3a-4c38-bf92-2c4c6b4a5d01.]]>
        <![CDATA[Collection name: APM Observability - Step 1 (CRUD + Filters).]]>
        <![CDATA[Request name: 11 - Filter: service=auth.]]>
        <![CDATA[Test description: Status 200.]]>
        <![CDATA[Error message: expected response to have status code 200 but got 500.]]>
        <![CDATA[Stacktrace: AssertionError: expected response to have status code 200 but got 500
   at Object.eval sandbox-script.js:1:5).]]>
      </failure>
    </testcase>
  </testsuite>
  <testsuite name="12 - Filter: status_code=500" id="c9459a12-5d46-45f0-98a9-d557a946bfe8" timestamp="2025-12-29T01:33:55.945Z" tests="1" failures="1" errors="1" time="0.104">
    <system-err><![CDATA[Iteration: 0

---
testScriptError: Unexpected token '<' at 2:1
<!doctype html>
^
---
]]></system-err>
    <testcase name="Status 200" time="0.104" classname="12FilterStatusCode500">
      <failure type="AssertionFailure" message="expected response to have status code 200 but got 500">
        <![CDATA[Failed 1 times.]]>
        <![CDATA[Collection JSON ID: 0f2c9f3e-2c3a-4c38-bf92-2c4c6b4a5d01.]]>
        <![CDATA[Collection name: APM Observability - Step 1 (CRUD + Filters).]]>
        <![CDATA[Request name: 12 - Filter: status_code=500.]]>
        <![CDATA[Test description: Status 200.]]>
        <![CDATA[Error message: expected response to have status code 200 but got 500.]]>
        <![CDATA[Stacktrace: AssertionError: expected response to have status code 200 but got 500
   at Object.eval sandbox-script.js:1:6).]]>
      </failure>
    </testcase>
  </testsuite>
  <testsuite name="13 - Filter: latency 120..220" id="42dd0874-fe96-498d-b340-619b3fa0c592" timestamp="2025-12-29T01:33:55.945Z" tests="1" failures="1" errors="1" time="0.300">
    <system-err><![CDATA[Iteration: 0

---
testScriptError: Unexpected token '<' at 2:1
<!doctype html>
^
---
]]></system-err>
    <testcase name="Status 200" time="0.300" classname="13FilterLatency120220">
      <failure type="AssertionFailure" message="expected response to have status code 200 but got 500">
        <![CDATA[Failed 1 times.]]>
        <![CDATA[Collection JSON ID: 0f2c9f3e-2c3a-4c38-bf92-2c4c6b4a5d01.]]>
        <![CDATA[Collection name: APM Observability - Step 1 (CRUD + Filters).]]>
        <![CDATA[Request name: 13 - Filter: latency 120..220.]]>
        <![CDATA[Test description: Status 200.]]>
        <![CDATA[Error message: expected response to have status code 200 but got 500.]]>
        <![CDATA[Stacktrace: AssertionError: expected response to have status code 200 but got 500
   at Object.eval sandbox-script.js:1:7).]]>
      </failure>
    </testcase>
  </testsuite>
  <testsuite name="14 - Filter: time range 01:11..01:13" id="2a8b849d-9a41-4fb7-beb7-a0eb81694665" timestamp="2025-12-29T01:33:55.945Z" tests="1" failures="1" errors="1" time="0.209">
    <system-err><![CDATA[Iteration: 0

---
testScriptError: Unexpected token '<' at 2:1
<!doctype html>
^
---
]]></system-err>
    <testcase name="Status 200" time="0.209" classname="14FilterTimeRange01110113">
      <failure type="AssertionFailure" message="expected response to have status code 200 but got 500">
        <![CDATA[Failed 1 times.]]>
        <![CDATA[Collection JSON ID: 0f2c9f3e-2c3a-4c38-bf92-2c4c6b4a5d01.]]>
        <![CDATA[Collection name: APM Observability - Step 1 (CRUD + Filters).]]>
        <![CDATA[Request name: 14 - Filter: time range 01:11..01:13.]]>
        <![CDATA[Test description: Status 200.]]>
        <![CDATA[Error message: expected response to have status code 200 but got 500.]]>
        <![CDATA[Stacktrace: AssertionError: expected response to have status code 200 but got 500
   at Object.eval sandbox-script.js:1:8).]]>
      </failure>
    </testcase>
  </testsuite>
  <testsuite name="15 - Ordering: -time,latency_ms" id="d591ee8c-22ec-46d1-b43f-b0b676e69767" timestamp="2025-12-29T01:33:55.945Z" tests="1" failures="1" errors="1" time="0.037">
    <system-err><![CDATA[Iteration: 0

---
testScriptError: Unexpected token '<' at 2:1
<!doctype html>
^
---
]]></system-err>
    <testcase name="Status 200" time="0.037" classname="15OrderingTimeLatencyMs">
      <failure type="AssertionFailure" message="expected response to have status code 200 but got 500">
        <![CDATA[Failed 1 times.]]>
        <![CDATA[Collection JSON ID: 0f2c9f3e-2c3a-4c38-bf92-2c4c6b4a5d01.]]>
        <![CDATA[Collection name: APM Observability - Step 1 (CRUD + Filters).]]>
        <![CDATA[Request name: 15 - Ordering: -time,latency_ms.]]>
        <![CDATA[Test description: Status 200.]]>
        <![CDATA[Error message: expected response to have status code 200 but got 500.]]>
        <![CDATA[Stacktrace: AssertionError: expected response to have status code 200 but got 500
   at Object.eval sandbox-script.js:1:9).]]>
      </failure>
    </testcase>
  </testsuite>
  <testsuite name="20 - GET detail (id_b)" id="aeb41f5a-997e-4161-9c5e-e0cfa63bd156" timestamp="2025-12-29T01:33:55.945Z" tests="1" failures="1" errors="0" time="0.140">
    <testcase name="Status 200" time="0.140" classname="20GetDetailIdB">
      <failure type="AssertionFailure" message="expected response to have status code 200 but got 404">
        <![CDATA[Failed 1 times.]]>
        <![CDATA[Collection JSON ID: 0f2c9f3e-2c3a-4c38-bf92-2c4c6b4a5d01.]]>
        <![CDATA[Collection name: APM Observability - Step 1 (CRUD + Filters).]]>
        <![CDATA[Request name: 20 - GET detail (id_b).]]>
        <![CDATA[Test description: Status 200.]]>
        <![CDATA[Error message: expected response to have status code 200 but got 404.]]>
        <![CDATA[Stacktrace: AssertionError: expected response to have status code 200 but got 404
   at Object.eval sandbox-script.js:1:10).]]>
      </failure>
    </testcase>
  </testsuite>
  <testsuite name="21 - PATCH update (id_b -> latency_ms=111)" id="77f6dfd1-36d5-497d-8c14-3260c30271b2" timestamp="2025-12-29T01:33:55.945Z" tests="1" failures="1" errors="1" time="0.098">
    <system-err><![CDATA[Iteration: 0

---
testScriptError: Unexpected token '<' at 2:1
<!doctype html>
^
---
]]></system-err>
    <testcase name="Status 200" time="0.098" classname="21PatchUpdateIdBLatencyMs111">
      <failure type="AssertionFailure" message="expected response to have status code 200 but got 404">
        <![CDATA[Failed 1 times.]]>
        <![CDATA[Collection JSON ID: 0f2c9f3e-2c3a-4c38-bf92-2c4c6b4a5d01.]]>
        <![CDATA[Collection name: APM Observability - Step 1 (CRUD + Filters).]]>
        <![CDATA[Request name: 21 - PATCH update (id_b -> latency_ms=111).]]>
        <![CDATA[Test description: Status 200.]]>
        <![CDATA[Error message: expected response to have status code 200 but got 404.]]>
        <![CDATA[Stacktrace: AssertionError: expected response to have status code 200 but got 404
   at Object.eval sandbox-script.js:1:11).]]>
      </failure>
    </testcase>
  </testsuite>
  <testsuite name="90 - DELETE sample A" id="9a691a78-bf01-465d-892e-d5e9d22d95f7" timestamp="2025-12-29T01:33:55.945Z" tests="1" failures="1" errors="0" time="0.088">
    <testcase name="Status 204" time="0.088" classname="90DeleteSampleA">
      <failure type="AssertionFailure" message="expected response to have status code 204 but got 404">
        <![CDATA[Failed 1 times.]]>
        <![CDATA[Collection JSON ID: 0f2c9f3e-2c3a-4c38-bf92-2c4c6b4a5d01.]]>
        <![CDATA[Collection name: APM Observability - Step 1 (CRUD + Filters).]]>
        <![CDATA[Request name: 90 - DELETE sample A.]]>
        <![CDATA[Test description: Status 204.]]>
        <![CDATA[Error message: expected response to have status code 204 but got 404.]]>
        <![CDATA[Stacktrace: AssertionError: expected response to have status code 204 but got 404
   at Object.eval sandbox-script.js:1:12).]]>
      </failure>
    </testcase>
  </testsuite>
  <testsuite name="91 - DELETE sample B" id="81b818a9-b6a7-4273-9c56-1eaa2645f47f" timestamp="2025-12-29T01:33:55.945Z" tests="1" failures="1" errors="0" time="0.066">
    <testcase name="Status 204" time="0.066" classname="91DeleteSampleB">
      <failure type="AssertionFailure" message="expected response to have status code 204 but got 404">
        <![CDATA[Failed 1 times.]]>
        <![CDATA[Collection JSON ID: 0f2c9f3e-2c3a-4c38-bf92-2c4c6b4a5d01.]]>
        <![CDATA[Collection name: APM Observability - Step 1 (CRUD + Filters).]]>
        <![CDATA[Request name: 91 - DELETE sample B.]]>
        <![CDATA[Test description: Status 204.]]>
        <![CDATA[Error message: expected response to have status code 204 but got 404.]]>
        <![CDATA[Stacktrace: AssertionError: expected response to have status code 204 but got 404
   at Object.eval sandbox-script.js:1:13).]]>
      </failure>
    </testcase>
  </testsuite>
  <testsuite name="92 - DELETE sample C" id="c4d03298-c844-42db-b4b3-f585d2a31304" timestamp="2025-12-29T01:33:55.945Z" tests="1" failures="1" errors="0" time="0.209">
    <testcase name="Status 204" time="0.209" classname="92DeleteSampleC">
      <failure type="AssertionFailure" message="expected response to have status code 204 but got 404">
        <![CDATA[Failed 1 times.]]>
        <![CDATA[Collection JSON ID: 0f2c9f3e-2c3a-4c38-bf92-2c4c6b4a5d01.]]>
        <![CDATA[Collection name: APM Observability - Step 1 (CRUD + Filters).]]>
        <![CDATA[Request name: 92 - DELETE sample C.]]>
        <![CDATA[Test description: Status 204.]]>
        <![CDATA[Error message: expected response to have status code 204 but got 404.]]>
        <![CDATA[Stacktrace: AssertionError: expected response to have status code 204 but got 404
   at Object.eval sandbox-script.js:1:14).]]>
      </failure>
    </testcase>
  </testsuite>
</testsuites>