<?xml version="1.0" encoding="UTF-8"?>
<testsuite name="observability.tests.test_crud.ApiRequestCrudTests-20251224190151" tests="5" file="observability/tests/test_crud.py" time="0.030" timestamp="2025-12-24T19:01:51" failures="4" errors="1" skipped="0">
	<testcase classname="observability.tests.test_crud.ApiRequestCrudTests" name="test_delete_removes_resource" time="0.010" timestamp="2025-12-24T19:01:51" file="observability/tests/test_crud.py" line="164">
		<failure type="DatabaseOperationForbidden" message="Database queries to 'writer' are not allowed in this test. Add 'writer' to observability.tests.test_crud.ApiRequestCrudTests.databases to ensure proper test isolation and silence this failure."><![CDATA[Traceback (most recent call last):
  File "/Users/nawfalrazouk/apm-observability/observability/tests/test_crud.py", line 165, in test_delete_removes_resource
    obj = ApiRequest.objects.create(
        time=timezone.now(),
    ...<5 lines>...
        tags={},
    )
  File "/Users/nawfalrazouk/apm-observability/.venv/lib/python3.14/site-packages/django/db/models/manager.py", line 87, in manager_method
    return getattr(self.get_queryset(), name)(*args, **kwargs)
           ~~~~~~~~~~~~~~~~~~~~~~~~~~~~~~~~~~^^^^^^^^^^^^^^^^^
  File "/Users/nawfalrazouk/apm-observability/.venv/lib/python3.14/site-packages/django/db/models/query.py", line 665, in create
    obj.save(force_insert=True, using=self.db)
    ~~~~~~~~^^^^^^^^^^^^^^^^^^^^^^^^^^^^^^^^^^
  File "/Users/nawfalrazouk/apm-observability/.venv/lib/python3.14/site-packages/django/db/models/base.py", line 902, in save
    self.save_base(
    ~~~~~~~~~~~~~~^
        using=using,
        ^^^^^^^^^^^^
    ...<2 lines>...
        update_fields=update_fields,
        ^^^^^^^^^^^^^^^^^^^^^^^^^^^^
    )
    ^
  File "/Users/nawfalrazouk/apm-observability/.venv/lib/python3.14/site-packages/django/db/models/base.py", line 1008, in save_base
    updated = self._save_table(
        raw,
    ...<4 lines>...
        update_fields,
    )
  File "/Users/nawfalrazouk/apm-observability/.venv/lib/python3.14/site-packages/django/db/models/base.py", line 1169, in _save_table
    results = self._do_insert(
        cls._base_manager, using, fields, returning_fields, raw
    )
  File "/Users/nawfalrazouk/apm-observability/.venv/lib/python3.14/site-packages/django/db/models/base.py", line 1210, in _do_insert
    return manager._insert(
           ~~~~~~~~~~~~~~~^
        [self],
        ^^^^^^^
    ...<3 lines>...
        raw=raw,
        ^^^^^^^^
    )
    ^
  File "/Users/nawfalrazouk/apm-observability/.venv/lib/python3.14/site-packages/django/db/models/manager.py", line 87, in manager_method
    return getattr(self.get_queryset(), name)(*args, **kwargs)
           ~~~~~~~~~~~~~~~~~~~~~~~~~~~~~~~~~~^^^^^^^^^^^^^^^^^
  File "/Users/nawfalrazouk/apm-observability/.venv/lib/python3.14/site-packages/django/db/models/query.py", line 1873, in _insert
    return query.get_compiler(using=using).execute_sql(returning_fields)
           ~~~~~~~~~~~~~~~~~~~~~~~~~~~~~~~~~~~~~~~~~~~^^^^^^^^^^^^^^^^^^
  File "/Users/nawfalrazouk/apm-observability/.venv/lib/python3.14/site-packages/django/db/models/sql/compiler.py", line 1880, in execute_sql
    with self.connection.cursor() as cursor:
         ~~~~~~~~~~~~~~~~~~~~~~^^
  File "/Users/nawfalrazouk/apm-observability/.venv/lib/python3.14/site-packages/django/test/testcases.py", line 201, in __call__
    raise DatabaseOperationForbidden(self.message)
django.test.testcases.DatabaseOperationForbidden: Database queries to 'writer' are not allowed in this test. Add 'writer' to observability.tests.test_crud.ApiRequestCrudTests.databases to ensure proper test isolation and silence this failure.
]]></failure>
	</testcase>
	<testcase classname="observability.tests.test_crud.ApiRequestCrudTests" name="test_get_list_default_ordering_is_time_desc" time="0.005" timestamp="2025-12-24T19:01:51" file="observability/tests/test_crud.py" line="50">
		<!--
Acceptance: GET /api/requests/ lists ordered by -time (newest first).
-->
		<failure type="DatabaseOperationForbidden" message="Database queries to 'writer' are not allowed in this test. Add 'writer' to observability.tests.test_crud.ApiRequestCrudTests.databases to ensure proper test isolation and silence this failure."><![CDATA[Traceback (most recent call last):
  File "/Users/nawfalrazouk/apm-observability/observability/tests/test_crud.py", line 57, in test_get_list_default_ordering_is_time_desc
    a = ApiRequest.objects.create(
        time=now - timedelta(minutes=30),
    ...<5 lines>...
        tags={},
    )
  File "/Users/nawfalrazouk/apm-observability/.venv/lib/python3.14/site-packages/django/db/models/manager.py", line 87, in manager_method
    return getattr(self.get_queryset(), name)(*args, **kwargs)
           ~~~~~~~~~~~~~~~~~~~~~~~~~~~~~~~~~~^^^^^^^^^^^^^^^^^
  File "/Users/nawfalrazouk/apm-observability/.venv/lib/python3.14/site-packages/django/db/models/query.py", line 665, in create
    obj.save(force_insert=True, using=self.db)
    ~~~~~~~~^^^^^^^^^^^^^^^^^^^^^^^^^^^^^^^^^^
  File "/Users/nawfalrazouk/apm-observability/.venv/lib/python3.14/site-packages/django/db/models/base.py", line 902, in save
    self.save_base(
    ~~~~~~~~~~~~~~^
        using=using,
        ^^^^^^^^^^^^
    ...<2 lines>...
        update_fields=update_fields,
        ^^^^^^^^^^^^^^^^^^^^^^^^^^^^
    )
    ^
  File "/Users/nawfalrazouk/apm-observability/.venv/lib/python3.14/site-packages/django/db/models/base.py", line 1008, in save_base
    updated = self._save_table(
        raw,
    ...<4 lines>...
        update_fields,
    )
  File "/Users/nawfalrazouk/apm-observability/.venv/lib/python3.14/site-packages/django/db/models/base.py", line 1169, in _save_table
    results = self._do_insert(
        cls._base_manager, using, fields, returning_fields, raw
    )
  File "/Users/nawfalrazouk/apm-observability/.venv/lib/python3.14/site-packages/django/db/models/base.py", line 1210, in _do_insert
    return manager._insert(
           ~~~~~~~~~~~~~~~^
        [self],
        ^^^^^^^
    ...<3 lines>...
        raw=raw,
        ^^^^^^^^
    )
    ^
  File "/Users/nawfalrazouk/apm-observability/.venv/lib/python3.14/site-packages/django/db/models/manager.py", line 87, in manager_method
    return getattr(self.get_queryset(), name)(*args, **kwargs)
           ~~~~~~~~~~~~~~~~~~~~~~~~~~~~~~~~~~^^^^^^^^^^^^^^^^^
  File "/Users/nawfalrazouk/apm-observability/.venv/lib/python3.14/site-packages/django/db/models/query.py", line 1873, in _insert
    return query.get_compiler(using=using).execute_sql(returning_fields)
           ~~~~~~~~~~~~~~~~~~~~~~~~~~~~~~~~~~~~~~~~~~~^^^^^^^^^^^^^^^^^^
  File "/Users/nawfalrazouk/apm-observability/.venv/lib/python3.14/site-packages/django/db/models/sql/compiler.py", line 1880, in execute_sql
    with self.connection.cursor() as cursor:
         ~~~~~~~~~~~~~~~~~~~~~~^^
  File "/Users/nawfalrazouk/apm-observability/.venv/lib/python3.14/site-packages/django/test/testcases.py", line 201, in __call__
    raise DatabaseOperationForbidden(self.message)
django.test.testcases.DatabaseOperationForbidden: Database queries to 'writer' are not allowed in this test. Add 'writer' to observability.tests.test_crud.ApiRequestCrudTests.databases to ensure proper test isolation and silence this failure.
]]></failure>
	</testcase>
	<testcase classname="observability.tests.test_crud.ApiRequestCrudTests" name="test_patch_updates_fields" time="0.006" timestamp="2025-12-24T19:01:51" file="observability/tests/test_crud.py" line="102">
		<failure type="DatabaseOperationForbidden" message="Database queries to 'writer' are not allowed in this test. Add 'writer' to observability.tests.test_crud.ApiRequestCrudTests.databases to ensure proper test isolation and silence this failure."><![CDATA[Traceback (most recent call last):
  File "/Users/nawfalrazouk/apm-observability/observability/tests/test_crud.py", line 103, in test_patch_updates_fields
    obj = ApiRequest.objects.create(
        time=timezone.now(),
    ...<5 lines>...
        tags={"k": "v"},
    )
  File "/Users/nawfalrazouk/apm-observability/.venv/lib/python3.14/site-packages/django/db/models/manager.py", line 87, in manager_method
    return getattr(self.get_queryset(), name)(*args, **kwargs)
           ~~~~~~~~~~~~~~~~~~~~~~~~~~~~~~~~~~^^^^^^^^^^^^^^^^^
  File "/Users/nawfalrazouk/apm-observability/.venv/lib/python3.14/site-packages/django/db/models/query.py", line 665, in create
    obj.save(force_insert=True, using=self.db)
    ~~~~~~~~^^^^^^^^^^^^^^^^^^^^^^^^^^^^^^^^^^
  File "/Users/nawfalrazouk/apm-observability/.venv/lib/python3.14/site-packages/django/db/models/base.py", line 902, in save
    self.save_base(
    ~~~~~~~~~~~~~~^
        using=using,
        ^^^^^^^^^^^^
    ...<2 lines>...
        update_fields=update_fields,
        ^^^^^^^^^^^^^^^^^^^^^^^^^^^^
    )
    ^
  File "/Users/nawfalrazouk/apm-observability/.venv/lib/python3.14/site-packages/django/db/models/base.py", line 1008, in save_base
    updated = self._save_table(
        raw,
    ...<4 lines>...
        update_fields,
    )
  File "/Users/nawfalrazouk/apm-observability/.venv/lib/python3.14/site-packages/django/db/models/base.py", line 1169, in _save_table
    results = self._do_insert(
        cls._base_manager, using, fields, returning_fields, raw
    )
  File "/Users/nawfalrazouk/apm-observability/.venv/lib/python3.14/site-packages/django/db/models/base.py", line 1210, in _do_insert
    return manager._insert(
           ~~~~~~~~~~~~~~~^
        [self],
        ^^^^^^^
    ...<3 lines>...
        raw=raw,
        ^^^^^^^^
    )
    ^
  File "/Users/nawfalrazouk/apm-observability/.venv/lib/python3.14/site-packages/django/db/models/manager.py", line 87, in manager_method
    return getattr(self.get_queryset(), name)(*args, **kwargs)
           ~~~~~~~~~~~~~~~~~~~~~~~~~~~~~~~~~~^^^^^^^^^^^^^^^^^
  File "/Users/nawfalrazouk/apm-observability/.venv/lib/python3.14/site-packages/django/db/models/query.py", line 1873, in _insert
    return query.get_compiler(using=using).execute_sql(returning_fields)
           ~~~~~~~~~~~~~~~~~~~~~~~~~~~~~~~~~~~~~~~~~~~^^^^^^^^^^^^^^^^^^
  File "/Users/nawfalrazouk/apm-observability/.venv/lib/python3.14/site-packages/django/db/models/sql/compiler.py", line 1880, in execute_sql
    with self.connection.cursor() as cursor:
         ~~~~~~~~~~~~~~~~~~~~~~^^
  File "/Users/nawfalrazouk/apm-observability/.venv/lib/python3.14/site-packages/django/test/testcases.py", line 201, in __call__
    raise DatabaseOperationForbidden(self.message)
django.test.testcases.DatabaseOperationForbidden: Database queries to 'writer' are not allowed in this test. Add 'writer' to observability.tests.test_crud.ApiRequestCrudTests.databases to ensure proper test isolation and silence this failure.
]]></failure>
	</testcase>
	<testcase classname="observability.tests.test_crud.ApiRequestCrudTests" name="test_put_replaces_resource" time="0.006" timestamp="2025-12-24T19:01:51" file="observability/tests/test_crud.py" line="127">
		<failure type="DatabaseOperationForbidden" message="Database queries to 'writer' are not allowed in this test. Add 'writer' to observability.tests.test_crud.ApiRequestCrudTests.databases to ensure proper test isolation and silence this failure."><![CDATA[Traceback (most recent call last):
  File "/Users/nawfalrazouk/apm-observability/observability/tests/test_crud.py", line 128, in test_put_replaces_resource
    obj = ApiRequest.objects.create(
        time=timezone.now(),
    ...<5 lines>...
        tags={},
    )
  File "/Users/nawfalrazouk/apm-observability/.venv/lib/python3.14/site-packages/django/db/models/manager.py", line 87, in manager_method
    return getattr(self.get_queryset(), name)(*args, **kwargs)
           ~~~~~~~~~~~~~~~~~~~~~~~~~~~~~~~~~~^^^^^^^^^^^^^^^^^
  File "/Users/nawfalrazouk/apm-observability/.venv/lib/python3.14/site-packages/django/db/models/query.py", line 665, in create
    obj.save(force_insert=True, using=self.db)
    ~~~~~~~~^^^^^^^^^^^^^^^^^^^^^^^^^^^^^^^^^^
  File "/Users/nawfalrazouk/apm-observability/.venv/lib/python3.14/site-packages/django/db/models/base.py", line 902, in save
    self.save_base(
    ~~~~~~~~~~~~~~^
        using=using,
        ^^^^^^^^^^^^
    ...<2 lines>...
        update_fields=update_fields,
        ^^^^^^^^^^^^^^^^^^^^^^^^^^^^
    )
    ^
  File "/Users/nawfalrazouk/apm-observability/.venv/lib/python3.14/site-packages/django/db/models/base.py", line 1008, in save_base
    updated = self._save_table(
        raw,
    ...<4 lines>...
        update_fields,
    )
  File "/Users/nawfalrazouk/apm-observability/.venv/lib/python3.14/site-packages/django/db/models/base.py", line 1169, in _save_table
    results = self._do_insert(
        cls._base_manager, using, fields, returning_fields, raw
    )
  File "/Users/nawfalrazouk/apm-observability/.venv/lib/python3.14/site-packages/django/db/models/base.py", line 1210, in _do_insert
    return manager._insert(
           ~~~~~~~~~~~~~~~^
        [self],
        ^^^^^^^
    ...<3 lines>...
        raw=raw,
        ^^^^^^^^
    )
    ^
  File "/Users/nawfalrazouk/apm-observability/.venv/lib/python3.14/site-packages/django/db/models/manager.py", line 87, in manager_method
    return getattr(self.get_queryset(), name)(*args, **kwargs)
           ~~~~~~~~~~~~~~~~~~~~~~~~~~~~~~~~~~^^^^^^^^^^^^^^^^^
  File "/Users/nawfalrazouk/apm-observability/.venv/lib/python3.14/site-packages/django/db/models/query.py", line 1873, in _insert
    return query.get_compiler(using=using).execute_sql(returning_fields)
           ~~~~~~~~~~~~~~~~~~~~~~~~~~~~~~~~~~~~~~~~~~~^^^^^^^^^^^^^^^^^^
  File "/Users/nawfalrazouk/apm-observability/.venv/lib/python3.14/site-packages/django/db/models/sql/compiler.py", line 1880, in execute_sql
    with self.connection.cursor() as cursor:
         ~~~~~~~~~~~~~~~~~~~~~~^^
  File "/Users/nawfalrazouk/apm-observability/.venv/lib/python3.14/site-packages/django/test/testcases.py", line 201, in __call__
    raise DatabaseOperationForbidden(self.message)
django.test.testcases.DatabaseOperationForbidden: Database queries to 'writer' are not allowed in this test. Add 'writer' to observability.tests.test_crud.ApiRequestCrudTests.databases to ensure proper test isolation and silence this failure.
]]></failure>
	</testcase>
	<testcase classname="observability.tests.test_crud.ApiRequestCrudTests" name="test_post_create_then_get_detail" time="0.004" timestamp="2025-12-24T19:01:51" file="observability/tests/test_crud.py" line="17">
		<error type="AttributeError" message="'HttpResponsePermanentRedirect' object has no attribute 'data'"><![CDATA[Traceback (most recent call last):
  File "/Users/nawfalrazouk/apm-observability/observability/tests/test_crud.py", line 31, in test_post_create_then_get_detail
    self.assertEqual(res.status_code, status.HTTP_201_CREATED, res.data)
                                                               ^^^^^^^^
AttributeError: 'HttpResponsePermanentRedirect' object has no attribute 'data'
]]></error>
	</testcase>
</testsuite>
