<?xml version="1.0" encoding="UTF-8"?>
<testsuite name="observability.tests.test_ingest_valid.BulkIngestValidTests-20251224190151" tests="2" file="observability/tests/test_ingest_valid.py" time="0.013" timestamp="2025-12-24T19:01:54" failures="2" errors="0" skipped="0">
	<testcase classname="observability.tests.test_ingest_valid.BulkIngestValidTests" name="test_bulk_ingest_valid_list_inserts_all" time="0.009" timestamp="2025-12-24T19:01:54" file="observability/tests/test_ingest_valid.py" line="14">
		<failure type="DatabaseOperationForbidden" message="Database queries to 'writer' are not allowed in this test. Add 'writer' to observability.tests.test_ingest_valid.BulkIngestValidTests.databases to ensure proper test isolation and silence this failure."><![CDATA[Traceback (most recent call last):
  File "/Users/nawfalrazouk/apm-observability/observability/tests/test_ingest_valid.py", line 15, in test_bulk_ingest_valid_list_inserts_all
    before = ApiRequest.objects.count()
  File "/Users/nawfalrazouk/apm-observability/.venv/lib/python3.14/site-packages/django/db/models/manager.py", line 87, in manager_method
    return getattr(self.get_queryset(), name)(*args, **kwargs)
           ~~~~~~~~~~~~~~~~~~~~~~~~~~~~~~~~~~^^^^^^^^^^^^^^^^^
  File "/Users/nawfalrazouk/apm-observability/.venv/lib/python3.14/site-packages/django/db/models/query.py", line 606, in count
    return self.query.get_count(using=self.db)
           ~~~~~~~~~~~~~~~~~~~~^^^^^^^^^^^^^^^
  File "/Users/nawfalrazouk/apm-observability/.venv/lib/python3.14/site-packages/django/db/models/sql/query.py", line 644, in get_count
    return obj.get_aggregation(using, {"__count": Count("*")})["__count"]
           ~~~~~~~~~~~~~~~~~~~^^^^^^^^^^^^^^^^^^^^^^^^^^^^^^^^
  File "/Users/nawfalrazouk/apm-observability/.venv/lib/python3.14/site-packages/django/db/models/sql/query.py", line 626, in get_aggregation
    result = compiler.execute_sql(SINGLE)
  File "/Users/nawfalrazouk/apm-observability/.venv/lib/python3.14/site-packages/django/db/models/sql/compiler.py", line 1621, in execute_sql
    cursor = self.connection.cursor()
  File "/Users/nawfalrazouk/apm-observability/.venv/lib/python3.14/site-packages/django/test/testcases.py", line 201, in __call__
    raise DatabaseOperationForbidden(self.message)
django.test.testcases.DatabaseOperationForbidden: Database queries to 'writer' are not allowed in this test. Add 'writer' to observability.tests.test_ingest_valid.BulkIngestValidTests.databases to ensure proper test isolation and silence this failure.
]]></failure>
	</testcase>
	<testcase classname="observability.tests.test_ingest_valid.BulkIngestValidTests" name="test_bulk_ingest_valid_wrapper_shape_inserts_all" time="0.004" timestamp="2025-12-24T19:01:54" file="observability/tests/test_ingest_valid.py" line="28">
		<failure type="DatabaseOperationForbidden" message="Database queries to 'writer' are not allowed in this test. Add 'writer' to observability.tests.test_ingest_valid.BulkIngestValidTests.databases to ensure proper test isolation and silence this failure."><![CDATA[Traceback (most recent call last):
  File "/Users/nawfalrazouk/apm-observability/observability/tests/test_ingest_valid.py", line 29, in test_bulk_ingest_valid_wrapper_shape_inserts_all
    before = ApiRequest.objects.count()
  File "/Users/nawfalrazouk/apm-observability/.venv/lib/python3.14/site-packages/django/db/models/manager.py", line 87, in manager_method
    return getattr(self.get_queryset(), name)(*args, **kwargs)
           ~~~~~~~~~~~~~~~~~~~~~~~~~~~~~~~~~~^^^^^^^^^^^^^^^^^
  File "/Users/nawfalrazouk/apm-observability/.venv/lib/python3.14/site-packages/django/db/models/query.py", line 606, in count
    return self.query.get_count(using=self.db)
           ~~~~~~~~~~~~~~~~~~~~^^^^^^^^^^^^^^^
  File "/Users/nawfalrazouk/apm-observability/.venv/lib/python3.14/site-packages/django/db/models/sql/query.py", line 644, in get_count
    return obj.get_aggregation(using, {"__count": Count("*")})["__count"]
           ~~~~~~~~~~~~~~~~~~~^^^^^^^^^^^^^^^^^^^^^^^^^^^^^^^^
  File "/Users/nawfalrazouk/apm-observability/.venv/lib/python3.14/site-packages/django/db/models/sql/query.py", line 626, in get_aggregation
    result = compiler.execute_sql(SINGLE)
  File "/Users/nawfalrazouk/apm-observability/.venv/lib/python3.14/site-packages/django/db/models/sql/compiler.py", line 1621, in execute_sql
    cursor = self.connection.cursor()
  File "/Users/nawfalrazouk/apm-observability/.venv/lib/python3.14/site-packages/django/test/testcases.py", line 201, in __call__
    raise DatabaseOperationForbidden(self.message)
django.test.testcases.DatabaseOperationForbidden: Database queries to 'writer' are not allowed in this test. Add 'writer' to observability.tests.test_ingest_valid.BulkIngestValidTests.databases to ensure proper test isolation and silence this failure.
]]></failure>
	</testcase>
</testsuite>
