<?xml version="1.0" encoding="UTF-8"?>
<testsuite name="observability.tests.test_filters.ApiRequestFilterTests-20251224190151" tests="8" file="observability/tests/test_filters.py" time="0.193" timestamp="2025-12-24T19:01:53" failures="8" errors="0" skipped="0">
	<testcase classname="observability.tests.test_filters.ApiRequestFilterTests" name="test_filter_endpoint" time="0.131" timestamp="2025-12-24T19:01:51" file="observability/tests/test_filters.py" line="174">
		<failure type="DatabaseOperationForbidden" message="Database queries to 'writer' are not allowed in this test. Add 'writer' to observability.tests.test_filters.ApiRequestFilterTests.databases to ensure proper test isolation and silence this failure."><![CDATA[Traceback (most recent call last):
  File "/Users/nawfalrazouk/apm-observability/observability/tests/test_filters.py", line 48, in setUp
    self.r1 = ApiRequest.objects.create(
              ~~~~~~~~~~~~~~~~~~~~~~~~~^
        time=self.t1,
        ^^^^^^^^^^^^^
    ...<5 lines>...
        tags={},
        ^^^^^^^^
    )
    ^
  File "/Users/nawfalrazouk/apm-observability/.venv/lib/python3.14/site-packages/django/db/models/manager.py", line 87, in manager_method
    return getattr(self.get_queryset(), name)(*args, **kwargs)
           ~~~~~~~~~~~~~~~~~~~~~~~~~~~~~~~~~~^^^^^^^^^^^^^^^^^
  File "/Users/nawfalrazouk/apm-observability/.venv/lib/python3.14/site-packages/django/db/models/query.py", line 665, in create
    obj.save(force_insert=True, using=self.db)
    ~~~~~~~~^^^^^^^^^^^^^^^^^^^^^^^^^^^^^^^^^^
  File "/Users/nawfalrazouk/apm-observability/.venv/lib/python3.14/site-packages/django/db/models/base.py", line 902, in save
    self.save_base(
    ~~~~~~~~~~~~~~^
        using=using,
        ^^^^^^^^^^^^
    ...<2 lines>...
        update_fields=update_fields,
        ^^^^^^^^^^^^^^^^^^^^^^^^^^^^
    )
    ^
  File "/Users/nawfalrazouk/apm-observability/.venv/lib/python3.14/site-packages/django/db/models/base.py", line 1008, in save_base
    updated = self._save_table(
        raw,
    ...<4 lines>...
        update_fields,
    )
  File "/Users/nawfalrazouk/apm-observability/.venv/lib/python3.14/site-packages/django/db/models/base.py", line 1169, in _save_table
    results = self._do_insert(
        cls._base_manager, using, fields, returning_fields, raw
    )
  File "/Users/nawfalrazouk/apm-observability/.venv/lib/python3.14/site-packages/django/db/models/base.py", line 1210, in _do_insert
    return manager._insert(
           ~~~~~~~~~~~~~~~^
        [self],
        ^^^^^^^
    ...<3 lines>...
        raw=raw,
        ^^^^^^^^
    )
    ^
  File "/Users/nawfalrazouk/apm-observability/.venv/lib/python3.14/site-packages/django/db/models/manager.py", line 87, in manager_method
    return getattr(self.get_queryset(), name)(*args, **kwargs)
           ~~~~~~~~~~~~~~~~~~~~~~~~~~~~~~~~~~^^^^^^^^^^^^^^^^^
  File "/Users/nawfalrazouk/apm-observability/.venv/lib/python3.14/site-packages/django/db/models/query.py", line 1873, in _insert
    return query.get_compiler(using=using).execute_sql(returning_fields)
           ~~~~~~~~~~~~~~~~~~~~~~~~~~~~~~~~~~~~~~~~~~~^^^^^^^^^^^^^^^^^^
  File "/Users/nawfalrazouk/apm-observability/.venv/lib/python3.14/site-packages/django/db/models/sql/compiler.py", line 1880, in execute_sql
    with self.connection.cursor() as cursor:
         ~~~~~~~~~~~~~~~~~~~~~~^^
  File "/Users/nawfalrazouk/apm-observability/.venv/lib/python3.14/site-packages/django/test/testcases.py", line 201, in __call__
    raise DatabaseOperationForbidden(self.message)
django.test.testcases.DatabaseOperationForbidden: Database queries to 'writer' are not allowed in this test. Add 'writer' to observability.tests.test_filters.ApiRequestFilterTests.databases to ensure proper test isolation and silence this failure.
]]></failure>
	</testcase>
	<testcase classname="observability.tests.test_filters.ApiRequestFilterTests" name="test_filter_method" time="0.010" timestamp="2025-12-24T19:01:52" file="observability/tests/test_filters.py" line="182">
		<failure type="DatabaseOperationForbidden" message="Database queries to 'writer' are not allowed in this test. Add 'writer' to observability.tests.test_filters.ApiRequestFilterTests.databases to ensure proper test isolation and silence this failure."><![CDATA[Traceback (most recent call last):
  File "/Users/nawfalrazouk/apm-observability/observability/tests/test_filters.py", line 48, in setUp
    self.r1 = ApiRequest.objects.create(
              ~~~~~~~~~~~~~~~~~~~~~~~~~^
        time=self.t1,
        ^^^^^^^^^^^^^
    ...<5 lines>...
        tags={},
        ^^^^^^^^
    )
    ^
  File "/Users/nawfalrazouk/apm-observability/.venv/lib/python3.14/site-packages/django/db/models/manager.py", line 87, in manager_method
    return getattr(self.get_queryset(), name)(*args, **kwargs)
           ~~~~~~~~~~~~~~~~~~~~~~~~~~~~~~~~~~^^^^^^^^^^^^^^^^^
  File "/Users/nawfalrazouk/apm-observability/.venv/lib/python3.14/site-packages/django/db/models/query.py", line 665, in create
    obj.save(force_insert=True, using=self.db)
    ~~~~~~~~^^^^^^^^^^^^^^^^^^^^^^^^^^^^^^^^^^
  File "/Users/nawfalrazouk/apm-observability/.venv/lib/python3.14/site-packages/django/db/models/base.py", line 902, in save
    self.save_base(
    ~~~~~~~~~~~~~~^
        using=using,
        ^^^^^^^^^^^^
    ...<2 lines>...
        update_fields=update_fields,
        ^^^^^^^^^^^^^^^^^^^^^^^^^^^^
    )
    ^
  File "/Users/nawfalrazouk/apm-observability/.venv/lib/python3.14/site-packages/django/db/models/base.py", line 1008, in save_base
    updated = self._save_table(
        raw,
    ...<4 lines>...
        update_fields,
    )
  File "/Users/nawfalrazouk/apm-observability/.venv/lib/python3.14/site-packages/django/db/models/base.py", line 1169, in _save_table
    results = self._do_insert(
        cls._base_manager, using, fields, returning_fields, raw
    )
  File "/Users/nawfalrazouk/apm-observability/.venv/lib/python3.14/site-packages/django/db/models/base.py", line 1210, in _do_insert
    return manager._insert(
           ~~~~~~~~~~~~~~~^
        [self],
        ^^^^^^^
    ...<3 lines>...
        raw=raw,
        ^^^^^^^^
    )
    ^
  File "/Users/nawfalrazouk/apm-observability/.venv/lib/python3.14/site-packages/django/db/models/manager.py", line 87, in manager_method
    return getattr(self.get_queryset(), name)(*args, **kwargs)
           ~~~~~~~~~~~~~~~~~~~~~~~~~~~~~~~~~~^^^^^^^^^^^^^^^^^
  File "/Users/nawfalrazouk/apm-observability/.venv/lib/python3.14/site-packages/django/db/models/query.py", line 1873, in _insert
    return query.get_compiler(using=using).execute_sql(returning_fields)
           ~~~~~~~~~~~~~~~~~~~~~~~~~~~~~~~~~~~~~~~~~~~^^^^^^^^^^^^^^^^^^
  File "/Users/nawfalrazouk/apm-observability/.venv/lib/python3.14/site-packages/django/db/models/sql/compiler.py", line 1880, in execute_sql
    with self.connection.cursor() as cursor:
         ~~~~~~~~~~~~~~~~~~~~~~^^
  File "/Users/nawfalrazouk/apm-observability/.venv/lib/python3.14/site-packages/django/test/testcases.py", line 201, in __call__
    raise DatabaseOperationForbidden(self.message)
django.test.testcases.DatabaseOperationForbidden: Database queries to 'writer' are not allowed in this test. Add 'writer' to observability.tests.test_filters.ApiRequestFilterTests.databases to ensure proper test isolation and silence this failure.
]]></failure>
	</testcase>
	<testcase classname="observability.tests.test_filters.ApiRequestFilterTests" name="test_filter_service" time="0.010" timestamp="2025-12-24T19:01:52" file="observability/tests/test_filters.py" line="166">
		<failure type="DatabaseOperationForbidden" message="Database queries to 'writer' are not allowed in this test. Add 'writer' to observability.tests.test_filters.ApiRequestFilterTests.databases to ensure proper test isolation and silence this failure."><![CDATA[Traceback (most recent call last):
  File "/Users/nawfalrazouk/apm-observability/observability/tests/test_filters.py", line 48, in setUp
    self.r1 = ApiRequest.objects.create(
              ~~~~~~~~~~~~~~~~~~~~~~~~~^
        time=self.t1,
        ^^^^^^^^^^^^^
    ...<5 lines>...
        tags={},
        ^^^^^^^^
    )
    ^
  File "/Users/nawfalrazouk/apm-observability/.venv/lib/python3.14/site-packages/django/db/models/manager.py", line 87, in manager_method
    return getattr(self.get_queryset(), name)(*args, **kwargs)
           ~~~~~~~~~~~~~~~~~~~~~~~~~~~~~~~~~~^^^^^^^^^^^^^^^^^
  File "/Users/nawfalrazouk/apm-observability/.venv/lib/python3.14/site-packages/django/db/models/query.py", line 665, in create
    obj.save(force_insert=True, using=self.db)
    ~~~~~~~~^^^^^^^^^^^^^^^^^^^^^^^^^^^^^^^^^^
  File "/Users/nawfalrazouk/apm-observability/.venv/lib/python3.14/site-packages/django/db/models/base.py", line 902, in save
    self.save_base(
    ~~~~~~~~~~~~~~^
        using=using,
        ^^^^^^^^^^^^
    ...<2 lines>...
        update_fields=update_fields,
        ^^^^^^^^^^^^^^^^^^^^^^^^^^^^
    )
    ^
  File "/Users/nawfalrazouk/apm-observability/.venv/lib/python3.14/site-packages/django/db/models/base.py", line 1008, in save_base
    updated = self._save_table(
        raw,
    ...<4 lines>...
        update_fields,
    )
  File "/Users/nawfalrazouk/apm-observability/.venv/lib/python3.14/site-packages/django/db/models/base.py", line 1169, in _save_table
    results = self._do_insert(
        cls._base_manager, using, fields, returning_fields, raw
    )
  File "/Users/nawfalrazouk/apm-observability/.venv/lib/python3.14/site-packages/django/db/models/base.py", line 1210, in _do_insert
    return manager._insert(
           ~~~~~~~~~~~~~~~^
        [self],
        ^^^^^^^
    ...<3 lines>...
        raw=raw,
        ^^^^^^^^
    )
    ^
  File "/Users/nawfalrazouk/apm-observability/.venv/lib/python3.14/site-packages/django/db/models/manager.py", line 87, in manager_method
    return getattr(self.get_queryset(), name)(*args, **kwargs)
           ~~~~~~~~~~~~~~~~~~~~~~~~~~~~~~~~~~^^^^^^^^^^^^^^^^^
  File "/Users/nawfalrazouk/apm-observability/.venv/lib/python3.14/site-packages/django/db/models/query.py", line 1873, in _insert
    return query.get_compiler(using=using).execute_sql(returning_fields)
           ~~~~~~~~~~~~~~~~~~~~~~~~~~~~~~~~~~~~~~~~~~~^^^^^^^^^^^^^^^^^^
  File "/Users/nawfalrazouk/apm-observability/.venv/lib/python3.14/site-packages/django/db/models/sql/compiler.py", line 1880, in execute_sql
    with self.connection.cursor() as cursor:
         ~~~~~~~~~~~~~~~~~~~~~~^^
  File "/Users/nawfalrazouk/apm-observability/.venv/lib/python3.14/site-packages/django/test/testcases.py", line 201, in __call__
    raise DatabaseOperationForbidden(self.message)
django.test.testcases.DatabaseOperationForbidden: Database queries to 'writer' are not allowed in this test. Add 'writer' to observability.tests.test_filters.ApiRequestFilterTests.databases to ensure proper test isolation and silence this failure.
]]></failure>
	</testcase>
	<testcase classname="observability.tests.test_filters.ApiRequestFilterTests" name="test_filter_status_code" time="0.008" timestamp="2025-12-24T19:01:52" file="observability/tests/test_filters.py" line="190">
		<failure type="DatabaseOperationForbidden" message="Database queries to 'writer' are not allowed in this test. Add 'writer' to observability.tests.test_filters.ApiRequestFilterTests.databases to ensure proper test isolation and silence this failure."><![CDATA[Traceback (most recent call last):
  File "/Users/nawfalrazouk/apm-observability/observability/tests/test_filters.py", line 48, in setUp
    self.r1 = ApiRequest.objects.create(
              ~~~~~~~~~~~~~~~~~~~~~~~~~^
        time=self.t1,
        ^^^^^^^^^^^^^
    ...<5 lines>...
        tags={},
        ^^^^^^^^
    )
    ^
  File "/Users/nawfalrazouk/apm-observability/.venv/lib/python3.14/site-packages/django/db/models/manager.py", line 87, in manager_method
    return getattr(self.get_queryset(), name)(*args, **kwargs)
           ~~~~~~~~~~~~~~~~~~~~~~~~~~~~~~~~~~^^^^^^^^^^^^^^^^^
  File "/Users/nawfalrazouk/apm-observability/.venv/lib/python3.14/site-packages/django/db/models/query.py", line 665, in create
    obj.save(force_insert=True, using=self.db)
    ~~~~~~~~^^^^^^^^^^^^^^^^^^^^^^^^^^^^^^^^^^
  File "/Users/nawfalrazouk/apm-observability/.venv/lib/python3.14/site-packages/django/db/models/base.py", line 902, in save
    self.save_base(
    ~~~~~~~~~~~~~~^
        using=using,
        ^^^^^^^^^^^^
    ...<2 lines>...
        update_fields=update_fields,
        ^^^^^^^^^^^^^^^^^^^^^^^^^^^^
    )
    ^
  File "/Users/nawfalrazouk/apm-observability/.venv/lib/python3.14/site-packages/django/db/models/base.py", line 1008, in save_base
    updated = self._save_table(
        raw,
    ...<4 lines>...
        update_fields,
    )
  File "/Users/nawfalrazouk/apm-observability/.venv/lib/python3.14/site-packages/django/db/models/base.py", line 1169, in _save_table
    results = self._do_insert(
        cls._base_manager, using, fields, returning_fields, raw
    )
  File "/Users/nawfalrazouk/apm-observability/.venv/lib/python3.14/site-packages/django/db/models/base.py", line 1210, in _do_insert
    return manager._insert(
           ~~~~~~~~~~~~~~~^
        [self],
        ^^^^^^^
    ...<3 lines>...
        raw=raw,
        ^^^^^^^^
    )
    ^
  File "/Users/nawfalrazouk/apm-observability/.venv/lib/python3.14/site-packages/django/db/models/manager.py", line 87, in manager_method
    return getattr(self.get_queryset(), name)(*args, **kwargs)
           ~~~~~~~~~~~~~~~~~~~~~~~~~~~~~~~~~~^^^^^^^^^^^^^^^^^
  File "/Users/nawfalrazouk/apm-observability/.venv/lib/python3.14/site-packages/django/db/models/query.py", line 1873, in _insert
    return query.get_compiler(using=using).execute_sql(returning_fields)
           ~~~~~~~~~~~~~~~~~~~~~~~~~~~~~~~~~~~~~~~~~~~^^^^^^^^^^^^^^^^^^
  File "/Users/nawfalrazouk/apm-observability/.venv/lib/python3.14/site-packages/django/db/models/sql/compiler.py", line 1880, in execute_sql
    with self.connection.cursor() as cursor:
         ~~~~~~~~~~~~~~~~~~~~~~^^
  File "/Users/nawfalrazouk/apm-observability/.venv/lib/python3.14/site-packages/django/test/testcases.py", line 201, in __call__
    raise DatabaseOperationForbidden(self.message)
django.test.testcases.DatabaseOperationForbidden: Database queries to 'writer' are not allowed in this test. Add 'writer' to observability.tests.test_filters.ApiRequestFilterTests.databases to ensure proper test isolation and silence this failure.
]]></failure>
	</testcase>
	<testcase classname="observability.tests.test_filters.ApiRequestFilterTests" name="test_filter_time_range" time="0.009" timestamp="2025-12-24T19:01:52" file="observability/tests/test_filters.py" line="201">
		<failure type="DatabaseOperationForbidden" message="Database queries to 'writer' are not allowed in this test. Add 'writer' to observability.tests.test_filters.ApiRequestFilterTests.databases to ensure proper test isolation and silence this failure."><![CDATA[Traceback (most recent call last):
  File "/Users/nawfalrazouk/apm-observability/observability/tests/test_filters.py", line 48, in setUp
    self.r1 = ApiRequest.objects.create(
              ~~~~~~~~~~~~~~~~~~~~~~~~~^
        time=self.t1,
        ^^^^^^^^^^^^^
    ...<5 lines>...
        tags={},
        ^^^^^^^^
    )
    ^
  File "/Users/nawfalrazouk/apm-observability/.venv/lib/python3.14/site-packages/django/db/models/manager.py", line 87, in manager_method
    return getattr(self.get_queryset(), name)(*args, **kwargs)
           ~~~~~~~~~~~~~~~~~~~~~~~~~~~~~~~~~~^^^^^^^^^^^^^^^^^
  File "/Users/nawfalrazouk/apm-observability/.venv/lib/python3.14/site-packages/django/db/models/query.py", line 665, in create
    obj.save(force_insert=True, using=self.db)
    ~~~~~~~~^^^^^^^^^^^^^^^^^^^^^^^^^^^^^^^^^^
  File "/Users/nawfalrazouk/apm-observability/.venv/lib/python3.14/site-packages/django/db/models/base.py", line 902, in save
    self.save_base(
    ~~~~~~~~~~~~~~^
        using=using,
        ^^^^^^^^^^^^
    ...<2 lines>...
        update_fields=update_fields,
        ^^^^^^^^^^^^^^^^^^^^^^^^^^^^
    )
    ^
  File "/Users/nawfalrazouk/apm-observability/.venv/lib/python3.14/site-packages/django/db/models/base.py", line 1008, in save_base
    updated = self._save_table(
        raw,
    ...<4 lines>...
        update_fields,
    )
  File "/Users/nawfalrazouk/apm-observability/.venv/lib/python3.14/site-packages/django/db/models/base.py", line 1169, in _save_table
    results = self._do_insert(
        cls._base_manager, using, fields, returning_fields, raw
    )
  File "/Users/nawfalrazouk/apm-observability/.venv/lib/python3.14/site-packages/django/db/models/base.py", line 1210, in _do_insert
    return manager._insert(
           ~~~~~~~~~~~~~~~^
        [self],
        ^^^^^^^
    ...<3 lines>...
        raw=raw,
        ^^^^^^^^
    )
    ^
  File "/Users/nawfalrazouk/apm-observability/.venv/lib/python3.14/site-packages/django/db/models/manager.py", line 87, in manager_method
    return getattr(self.get_queryset(), name)(*args, **kwargs)
           ~~~~~~~~~~~~~~~~~~~~~~~~~~~~~~~~~~^^^^^^^^^^^^^^^^^
  File "/Users/nawfalrazouk/apm-observability/.venv/lib/python3.14/site-packages/django/db/models/query.py", line 1873, in _insert
    return query.get_compiler(using=using).execute_sql(returning_fields)
           ~~~~~~~~~~~~~~~~~~~~~~~~~~~~~~~~~~~~~~~~~~~^^^^^^^^^^^^^^^^^^
  File "/Users/nawfalrazouk/apm-observability/.venv/lib/python3.14/site-packages/django/db/models/sql/compiler.py", line 1880, in execute_sql
    with self.connection.cursor() as cursor:
         ~~~~~~~~~~~~~~~~~~~~~~^^
  File "/Users/nawfalrazouk/apm-observability/.venv/lib/python3.14/site-packages/django/test/testcases.py", line 201, in __call__
    raise DatabaseOperationForbidden(self.message)
django.test.testcases.DatabaseOperationForbidden: Database queries to 'writer' are not allowed in this test. Add 'writer' to observability.tests.test_filters.ApiRequestFilterTests.databases to ensure proper test isolation and silence this failure.
]]></failure>
	</testcase>
	<testcase classname="observability.tests.test_filters.ApiRequestFilterTests" name="test_ordering_time_asc" time="0.010" timestamp="2025-12-24T19:01:52" file="observability/tests/test_filters.py" line="225">
		<failure type="DatabaseOperationForbidden" message="Database queries to 'writer' are not allowed in this test. Add 'writer' to observability.tests.test_filters.ApiRequestFilterTests.databases to ensure proper test isolation and silence this failure."><![CDATA[Traceback (most recent call last):
  File "/Users/nawfalrazouk/apm-observability/observability/tests/test_filters.py", line 48, in setUp
    self.r1 = ApiRequest.objects.create(
              ~~~~~~~~~~~~~~~~~~~~~~~~~^
        time=self.t1,
        ^^^^^^^^^^^^^
    ...<5 lines>...
        tags={},
        ^^^^^^^^
    )
    ^
  File "/Users/nawfalrazouk/apm-observability/.venv/lib/python3.14/site-packages/django/db/models/manager.py", line 87, in manager_method
    return getattr(self.get_queryset(), name)(*args, **kwargs)
           ~~~~~~~~~~~~~~~~~~~~~~~~~~~~~~~~~~^^^^^^^^^^^^^^^^^
  File "/Users/nawfalrazouk/apm-observability/.venv/lib/python3.14/site-packages/django/db/models/query.py", line 665, in create
    obj.save(force_insert=True, using=self.db)
    ~~~~~~~~^^^^^^^^^^^^^^^^^^^^^^^^^^^^^^^^^^
  File "/Users/nawfalrazouk/apm-observability/.venv/lib/python3.14/site-packages/django/db/models/base.py", line 902, in save
    self.save_base(
    ~~~~~~~~~~~~~~^
        using=using,
        ^^^^^^^^^^^^
    ...<2 lines>...
        update_fields=update_fields,
        ^^^^^^^^^^^^^^^^^^^^^^^^^^^^
    )
    ^
  File "/Users/nawfalrazouk/apm-observability/.venv/lib/python3.14/site-packages/django/db/models/base.py", line 1008, in save_base
    updated = self._save_table(
        raw,
    ...<4 lines>...
        update_fields,
    )
  File "/Users/nawfalrazouk/apm-observability/.venv/lib/python3.14/site-packages/django/db/models/base.py", line 1169, in _save_table
    results = self._do_insert(
        cls._base_manager, using, fields, returning_fields, raw
    )
  File "/Users/nawfalrazouk/apm-observability/.venv/lib/python3.14/site-packages/django/db/models/base.py", line 1210, in _do_insert
    return manager._insert(
           ~~~~~~~~~~~~~~~^
        [self],
        ^^^^^^^
    ...<3 lines>...
        raw=raw,
        ^^^^^^^^
    )
    ^
  File "/Users/nawfalrazouk/apm-observability/.venv/lib/python3.14/site-packages/django/db/models/manager.py", line 87, in manager_method
    return getattr(self.get_queryset(), name)(*args, **kwargs)
           ~~~~~~~~~~~~~~~~~~~~~~~~~~~~~~~~~~^^^^^^^^^^^^^^^^^
  File "/Users/nawfalrazouk/apm-observability/.venv/lib/python3.14/site-packages/django/db/models/query.py", line 1873, in _insert
    return query.get_compiler(using=using).execute_sql(returning_fields)
           ~~~~~~~~~~~~~~~~~~~~~~~~~~~~~~~~~~~~~~~~~~~^^^^^^^^^^^^^^^^^^
  File "/Users/nawfalrazouk/apm-observability/.venv/lib/python3.14/site-packages/django/db/models/sql/compiler.py", line 1880, in execute_sql
    with self.connection.cursor() as cursor:
         ~~~~~~~~~~~~~~~~~~~~~~^^
  File "/Users/nawfalrazouk/apm-observability/.venv/lib/python3.14/site-packages/django/test/testcases.py", line 201, in __call__
    raise DatabaseOperationForbidden(self.message)
django.test.testcases.DatabaseOperationForbidden: Database queries to 'writer' are not allowed in this test. Add 'writer' to observability.tests.test_filters.ApiRequestFilterTests.databases to ensure proper test isolation and silence this failure.
]]></failure>
	</testcase>
	<testcase classname="observability.tests.test_filters.ApiRequestFilterTests" name="test_ordering_time_desc" time="0.008" timestamp="2025-12-24T19:01:53" file="observability/tests/test_filters.py" line="236">
		<failure type="DatabaseOperationForbidden" message="Database queries to 'writer' are not allowed in this test. Add 'writer' to observability.tests.test_filters.ApiRequestFilterTests.databases to ensure proper test isolation and silence this failure."><![CDATA[Traceback (most recent call last):
  File "/Users/nawfalrazouk/apm-observability/observability/tests/test_filters.py", line 48, in setUp
    self.r1 = ApiRequest.objects.create(
              ~~~~~~~~~~~~~~~~~~~~~~~~~^
        time=self.t1,
        ^^^^^^^^^^^^^
    ...<5 lines>...
        tags={},
        ^^^^^^^^
    )
    ^
  File "/Users/nawfalrazouk/apm-observability/.venv/lib/python3.14/site-packages/django/db/models/manager.py", line 87, in manager_method
    return getattr(self.get_queryset(), name)(*args, **kwargs)
           ~~~~~~~~~~~~~~~~~~~~~~~~~~~~~~~~~~^^^^^^^^^^^^^^^^^
  File "/Users/nawfalrazouk/apm-observability/.venv/lib/python3.14/site-packages/django/db/models/query.py", line 665, in create
    obj.save(force_insert=True, using=self.db)
    ~~~~~~~~^^^^^^^^^^^^^^^^^^^^^^^^^^^^^^^^^^
  File "/Users/nawfalrazouk/apm-observability/.venv/lib/python3.14/site-packages/django/db/models/base.py", line 902, in save
    self.save_base(
    ~~~~~~~~~~~~~~^
        using=using,
        ^^^^^^^^^^^^
    ...<2 lines>...
        update_fields=update_fields,
        ^^^^^^^^^^^^^^^^^^^^^^^^^^^^
    )
    ^
  File "/Users/nawfalrazouk/apm-observability/.venv/lib/python3.14/site-packages/django/db/models/base.py", line 1008, in save_base
    updated = self._save_table(
        raw,
    ...<4 lines>...
        update_fields,
    )
  File "/Users/nawfalrazouk/apm-observability/.venv/lib/python3.14/site-packages/django/db/models/base.py", line 1169, in _save_table
    results = self._do_insert(
        cls._base_manager, using, fields, returning_fields, raw
    )
  File "/Users/nawfalrazouk/apm-observability/.venv/lib/python3.14/site-packages/django/db/models/base.py", line 1210, in _do_insert
    return manager._insert(
           ~~~~~~~~~~~~~~~^
        [self],
        ^^^^^^^
    ...<3 lines>...
        raw=raw,
        ^^^^^^^^
    )
    ^
  File "/Users/nawfalrazouk/apm-observability/.venv/lib/python3.14/site-packages/django/db/models/manager.py", line 87, in manager_method
    return getattr(self.get_queryset(), name)(*args, **kwargs)
           ~~~~~~~~~~~~~~~~~~~~~~~~~~~~~~~~~~^^^^^^^^^^^^^^^^^
  File "/Users/nawfalrazouk/apm-observability/.venv/lib/python3.14/site-packages/django/db/models/query.py", line 1873, in _insert
    return query.get_compiler(using=using).execute_sql(returning_fields)
           ~~~~~~~~~~~~~~~~~~~~~~~~~~~~~~~~~~~~~~~~~~~^^^^^^^^^^^^^^^^^^
  File "/Users/nawfalrazouk/apm-observability/.venv/lib/python3.14/site-packages/django/db/models/sql/compiler.py", line 1880, in execute_sql
    with self.connection.cursor() as cursor:
         ~~~~~~~~~~~~~~~~~~~~~~^^
  File "/Users/nawfalrazouk/apm-observability/.venv/lib/python3.14/site-packages/django/test/testcases.py", line 201, in __call__
    raise DatabaseOperationForbidden(self.message)
django.test.testcases.DatabaseOperationForbidden: Database queries to 'writer' are not allowed in this test. Add 'writer' to observability.tests.test_filters.ApiRequestFilterTests.databases to ensure proper test isolation and silence this failure.
]]></failure>
	</testcase>
	<testcase classname="observability.tests.test_filters.ApiRequestFilterTests" name="test_search_login_if_present" time="0.007" timestamp="2025-12-24T19:01:53" file="observability/tests/test_filters.py" line="247">
		<!--
If SearchFilter is enabled AND search_fields are configured on the ViewSet,
search=login should return only /login endpoints (r4, r5).

If search is not configured (returns unfiltered full dataset), we skip.
-->
		<failure type="DatabaseOperationForbidden" message="Database queries to 'writer' are not allowed in this test. Add 'writer' to observability.tests.test_filters.ApiRequestFilterTests.databases to ensure proper test isolation and silence this failure."><![CDATA[Traceback (most recent call last):
  File "/Users/nawfalrazouk/apm-observability/observability/tests/test_filters.py", line 48, in setUp
    self.r1 = ApiRequest.objects.create(
              ~~~~~~~~~~~~~~~~~~~~~~~~~^
        time=self.t1,
        ^^^^^^^^^^^^^
    ...<5 lines>...
        tags={},
        ^^^^^^^^
    )
    ^
  File "/Users/nawfalrazouk/apm-observability/.venv/lib/python3.14/site-packages/django/db/models/manager.py", line 87, in manager_method
    return getattr(self.get_queryset(), name)(*args, **kwargs)
           ~~~~~~~~~~~~~~~~~~~~~~~~~~~~~~~~~~^^^^^^^^^^^^^^^^^
  File "/Users/nawfalrazouk/apm-observability/.venv/lib/python3.14/site-packages/django/db/models/query.py", line 665, in create
    obj.save(force_insert=True, using=self.db)
    ~~~~~~~~^^^^^^^^^^^^^^^^^^^^^^^^^^^^^^^^^^
  File "/Users/nawfalrazouk/apm-observability/.venv/lib/python3.14/site-packages/django/db/models/base.py", line 902, in save
    self.save_base(
    ~~~~~~~~~~~~~~^
        using=using,
        ^^^^^^^^^^^^
    ...<2 lines>...
        update_fields=update_fields,
        ^^^^^^^^^^^^^^^^^^^^^^^^^^^^
    )
    ^
  File "/Users/nawfalrazouk/apm-observability/.venv/lib/python3.14/site-packages/django/db/models/base.py", line 1008, in save_base
    updated = self._save_table(
        raw,
    ...<4 lines>...
        update_fields,
    )
  File "/Users/nawfalrazouk/apm-observability/.venv/lib/python3.14/site-packages/django/db/models/base.py", line 1169, in _save_table
    results = self._do_insert(
        cls._base_manager, using, fields, returning_fields, raw
    )
  File "/Users/nawfalrazouk/apm-observability/.venv/lib/python3.14/site-packages/django/db/models/base.py", line 1210, in _do_insert
    return manager._insert(
           ~~~~~~~~~~~~~~~^
        [self],
        ^^^^^^^
    ...<3 lines>...
        raw=raw,
        ^^^^^^^^
    )
    ^
  File "/Users/nawfalrazouk/apm-observability/.venv/lib/python3.14/site-packages/django/db/models/manager.py", line 87, in manager_method
    return getattr(self.get_queryset(), name)(*args, **kwargs)
           ~~~~~~~~~~~~~~~~~~~~~~~~~~~~~~~~~~^^^^^^^^^^^^^^^^^
  File "/Users/nawfalrazouk/apm-observability/.venv/lib/python3.14/site-packages/django/db/models/query.py", line 1873, in _insert
    return query.get_compiler(using=using).execute_sql(returning_fields)
           ~~~~~~~~~~~~~~~~~~~~~~~~~~~~~~~~~~~~~~~~~~~^^^^^^^^^^^^^^^^^^
  File "/Users/nawfalrazouk/apm-observability/.venv/lib/python3.14/site-packages/django/db/models/sql/compiler.py", line 1880, in execute_sql
    with self.connection.cursor() as cursor:
         ~~~~~~~~~~~~~~~~~~~~~~^^
  File "/Users/nawfalrazouk/apm-observability/.venv/lib/python3.14/site-packages/django/test/testcases.py", line 201, in __call__
    raise DatabaseOperationForbidden(self.message)
django.test.testcases.DatabaseOperationForbidden: Database queries to 'writer' are not allowed in this test. Add 'writer' to observability.tests.test_filters.ApiRequestFilterTests.databases to ensure proper test isolation and silence this failure.
]]></failure>
	</testcase>
</testsuite>
